INFO:root:Create new Bearings Schedule
INFO:root:Open Postgres DB: <connection object at 0x10149c860; dsn: 'dbname='scjan' user='scjan' host='farm15.ewi.utwente.nl' password=xxxxxxx', closed: 0>
INFO:root:Running the Combine Web Harvesting engine!
INFO:root:Open Postgres DB: <connection object at 0x1034b1048; dsn: 'dbname='scjan' user='scjan' host='farm15.ewi.utwente.nl' password=xxxxxxx', closed: 0>
INFO:root:scheduler: started
INFO:root:scheduler: host utwks61861.ewi.utwente.nl started as master
INFO:root:scheduler: destroy()
INFO:root:scheduler: create()
INFO:root:scheduler: add_job(jid=2)
INFO:root:scheduler: schedule_object(oid=8)
INFO:root:scheduler: new task [2, 3, 8]
INFO:root:scheduler: add_job(jid=2)
INFO:root:scheduler: host utwks61861.ewi.utwente.nl get tasks: [[2, 3, 8]]
INFO:root:run_job: get todo: len=1
INFO:root:Activity:modules.seed_json start
INFO:root:modules.seed_json: handle_object(aid=3, oid=8) start
INFO:root:scheduler: schedule_object(oid=10)
INFO:root:scheduler: new task [2, 4, 10]
INFO:root:scheduler: new task [2, 7, 10]
INFO:root:engine: handle_object(aid=3, oid=8) finish
INFO:root:scheduler: host utwks61861.ewi.utwente.nl finish tasks: [[2, 3, 8]]
INFO:root:scheduler: host utwks61861.ewi.utwente.nl get tasks: [[2, 7, 10]]
INFO:root:run_job: get todo: len=1
INFO:root:Activity:modules.rfc-x-abf-cmp start
INFO:root:modules.rfc-x-abf-cmp: handle_object(aid=7, oid=10) start
INFO:root:engine: handle_object(aid=7, oid=10) finish
INFO:root:scheduler: host utwks61861.ewi.utwente.nl finish tasks: [[2, 7, 10]]
INFO:root:scheduler: host utwks61861.ewi.utwente.nl get tasks: [[2, 4, 10]]
INFO:root:run_job: get todo: len=1
INFO:root:Activity:modules.abf_detail_url start
INFO:root:modules.abf_detail_url: handle_object(aid=4, oid=10) start
INFO:requests.packages.urllib3.connectionpool:Starting new HTTP connection (1): webshop.abfbearings.com
INFO:root:scheduler: schedule_object(oid=17)
INFO:root:scheduler: new task [2, 5, 17]
INFO:root:scheduler: schedule_object(oid=19)
INFO:root:scheduler: new task [2, 5, 19]
INFO:root:scheduler: schedule_object(oid=21)
INFO:root:scheduler: new task [2, 5, 21]
INFO:root:scheduler: schedule_object(oid=23)
INFO:root:scheduler: new task [2, 5, 23]
INFO:root:scheduler: schedule_object(oid=25)
INFO:root:scheduler: new task [2, 5, 25]
INFO:root:scheduler: schedule_object(oid=27)
INFO:root:scheduler: new task [2, 5, 27]
INFO:root:scheduler: schedule_object(oid=29)
INFO:root:scheduler: new task [2, 5, 29]
INFO:root:scheduler: schedule_object(oid=31)
INFO:root:scheduler: new task [2, 5, 31]
INFO:root:scheduler: schedule_object(oid=33)
INFO:root:scheduler: new task [2, 5, 33]
INFO:root:scheduler: schedule_object(oid=35)
INFO:root:scheduler: new task [2, 5, 35]
INFO:root:scheduler: schedule_object(oid=37)
INFO:root:scheduler: new task [2, 5, 37]
INFO:root:scheduler: schedule_object(oid=39)
INFO:root:scheduler: new task [2, 5, 39]
INFO:root:scheduler: schedule_object(oid=41)
INFO:root:scheduler: new task [2, 5, 41]
INFO:root:scheduler: schedule_object(oid=43)
INFO:root:scheduler: new task [2, 5, 43]
INFO:root:scheduler: schedule_object(oid=45)
INFO:root:scheduler: new task [2, 5, 45]
INFO:root:scheduler: schedule_object(oid=47)
INFO:root:scheduler: new task [2, 5, 47]
INFO:root:scheduler: schedule_object(oid=49)
INFO:root:scheduler: new task [2, 5, 49]
INFO:root:scheduler: schedule_object(oid=51)
INFO:root:scheduler: new task [2, 5, 51]
INFO:root:scheduler: schedule_object(oid=53)
INFO:root:scheduler: new task [2, 5, 53]
INFO:root:scheduler: schedule_object(oid=55)
INFO:root:scheduler: new task [2, 5, 55]
INFO:root:scheduler: schedule_object(oid=57)
INFO:root:scheduler: new task [2, 5, 57]
INFO:root:scheduler: schedule_object(oid=59)
INFO:root:scheduler: new task [2, 5, 59]
INFO:root:scheduler: schedule_object(oid=61)
INFO:root:scheduler: new task [2, 5, 61]
INFO:root:scheduler: schedule_object(oid=63)
INFO:root:scheduler: new task [2, 5, 63]
INFO:root:scheduler: schedule_object(oid=65)
INFO:root:scheduler: new task [2, 5, 65]
INFO:root:scheduler: schedule_object(oid=67)
INFO:root:scheduler: new task [2, 5, 67]
INFO:root:scheduler: schedule_object(oid=69)
INFO:root:scheduler: new task [2, 5, 69]
INFO:root:scheduler: schedule_object(oid=71)
INFO:root:scheduler: new task [2, 5, 71]
INFO:root:scheduler: schedule_object(oid=73)
INFO:root:scheduler: new task [2, 5, 73]
INFO:root:scheduler: schedule_object(oid=75)
INFO:root:scheduler: new task [2, 5, 75]
INFO:root:scheduler: schedule_object(oid=77)
INFO:root:scheduler: new task [2, 5, 77]
INFO:root:scheduler: schedule_object(oid=79)
INFO:root:scheduler: new task [2, 5, 79]
INFO:root:scheduler: schedule_object(oid=81)
INFO:root:scheduler: new task [2, 5, 81]
INFO:root:scheduler: schedule_object(oid=83)
INFO:root:scheduler: new task [2, 5, 83]
INFO:root:scheduler: schedule_object(oid=85)
INFO:root:scheduler: new task [2, 5, 85]
INFO:root:scheduler: schedule_object(oid=87)
INFO:root:scheduler: new task [2, 5, 87]
INFO:root:scheduler: schedule_object(oid=89)
INFO:root:scheduler: new task [2, 5, 89]
INFO:root:scheduler: schedule_object(oid=91)
INFO:root:scheduler: new task [2, 5, 91]
INFO:root:scheduler: schedule_object(oid=93)
INFO:root:scheduler: new task [2, 5, 93]
INFO:root:scheduler: schedule_object(oid=95)
INFO:root:scheduler: new task [2, 5, 95]
INFO:root:scheduler: schedule_object(oid=97)
INFO:root:scheduler: new task [2, 5, 97]
INFO:root:scheduler: schedule_object(oid=99)
INFO:root:scheduler: new task [2, 5, 99]
INFO:root:scheduler: schedule_object(oid=101)
INFO:root:scheduler: new task [2, 5, 101]
INFO:root:scheduler: schedule_object(oid=103)
INFO:root:scheduler: new task [2, 5, 103]
INFO:root:scheduler: schedule_object(oid=105)
INFO:root:scheduler: new task [2, 5, 105]
INFO:root:scheduler: schedule_object(oid=107)
INFO:root:scheduler: new task [2, 5, 107]
INFO:root:scheduler: schedule_object(oid=109)
INFO:root:scheduler: new task [2, 5, 109]
INFO:root:scheduler: schedule_object(oid=111)
INFO:root:scheduler: new task [2, 5, 111]
INFO:root:scheduler: schedule_object(oid=113)
INFO:root:scheduler: new task [2, 5, 113]
INFO:root:engine: handle_object(aid=4, oid=10) finish
INFO:root:scheduler: host utwks61861.ewi.utwente.nl finish tasks: [[2, 4, 10]]
INFO:root:scheduler: host utwks61861.ewi.utwente.nl get tasks: [[2, 5, 20], [2, 5, 21], [2, 5, 22], [2, 5, 23], [2, 5, 24], [2, 5, 25], [2, 5, 26], [2, 5, 27]]
INFO:root:run_job: get todo: len=8
INFO:root:Activity:modules.abf_fetch setup() ignored
INFO:root:Activity:modules.abf_fetch start
INFO:root:modules.abf_fetch: handle_object(aid=5, oid=20) start
INFO:requests.packages.urllib3.connectionpool:Starting new HTTP connection (1): webshop.abfbearings.com
INFO:root:scheduler: schedule_object(oid=120)
INFO:root:scheduler: new task [2, 6, 120]
INFO:root:engine: handle_object(aid=5, oid=20) finish
INFO:root:modules.abf_fetch: handle_object(aid=5, oid=21) start
INFO:requests.packages.urllib3.connectionpool:Starting new HTTP connection (1): webshop.abfbearings.com
INFO:root:scheduler: schedule_object(oid=123)
INFO:root:scheduler: new task [2, 6, 123]
INFO:root:engine: handle_object(aid=5, oid=21) finish
INFO:root:modules.abf_fetch: handle_object(aid=5, oid=22) start
INFO:requests.packages.urllib3.connectionpool:Starting new HTTP connection (1): webshop.abfbearings.com
INFO:root:scheduler: schedule_object(oid=132)
INFO:root:scheduler: new task [2, 6, 132]
INFO:root:engine: handle_object(aid=5, oid=22) finish
INFO:root:modules.abf_fetch: handle_object(aid=5, oid=23) start
INFO:requests.packages.urllib3.connectionpool:Starting new HTTP connection (1): webshop.abfbearings.com
INFO:root:scheduler: schedule_object(oid=135)
INFO:root:scheduler: new task [2, 6, 135]
INFO:root:engine: handle_object(aid=5, oid=23) finish
INFO:root:modules.abf_fetch: handle_object(aid=5, oid=24) start
INFO:requests.packages.urllib3.connectionpool:Starting new HTTP connection (1): webshop.abfbearings.com
INFO:root:scheduler: schedule_object(oid=141)
INFO:root:scheduler: new task [2, 6, 141]
INFO:root:engine: handle_object(aid=5, oid=24) finish
INFO:root:modules.abf_fetch: handle_object(aid=5, oid=25) start
INFO:requests.packages.urllib3.connectionpool:Starting new HTTP connection (1): webshop.abfbearings.com
INFO:root:scheduler: schedule_object(oid=147)
INFO:root:scheduler: new task [2, 6, 147]
INFO:root:engine: handle_object(aid=5, oid=25) finish
INFO:root:modules.abf_fetch: handle_object(aid=5, oid=26) start
INFO:requests.packages.urllib3.connectionpool:Starting new HTTP connection (1): webshop.abfbearings.com
INFO:root:scheduler: schedule_object(oid=153)
INFO:root:scheduler: new task [2, 6, 153]
INFO:root:engine: handle_object(aid=5, oid=26) finish
INFO:root:modules.abf_fetch: handle_object(aid=5, oid=27) start
INFO:requests.packages.urllib3.connectionpool:Starting new HTTP connection (1): webshop.abfbearings.com
INFO:root:scheduler: schedule_object(oid=159)
INFO:root:scheduler: new task [2, 6, 159]
INFO:root:engine: handle_object(aid=5, oid=27) finish
INFO:root:scheduler: host utwks61861.ewi.utwente.nl finish tasks: [[2, 5, 20], [2, 5, 21], [2, 5, 22], [2, 5, 23], [2, 5, 24], [2, 5, 25], [2, 5, 26], [2, 5, 27]]
INFO:root:scheduler: host utwks61861.ewi.utwente.nl get tasks: [[2, 5, 32], [2, 5, 33], [2, 5, 34], [2, 5, 35], [2, 5, 36], [2, 5, 37], [2, 5, 38], [2, 5, 39]]
INFO:root:run_job: get todo: len=8
INFO:root:modules.abf_fetch: handle_object(aid=5, oid=32) start
INFO:requests.packages.urllib3.connectionpool:Starting new HTTP connection (1): webshop.abfbearings.com
INFO:root:scheduler: schedule_object(oid=168)
INFO:root:scheduler: new task [2, 6, 168]
INFO:root:engine: handle_object(aid=5, oid=32) finish
INFO:root:modules.abf_fetch: handle_object(aid=5, oid=33) start
INFO:requests.packages.urllib3.connectionpool:Starting new HTTP connection (1): webshop.abfbearings.com
INFO:root:scheduler: schedule_object(oid=174)
INFO:root:scheduler: new task [2, 6, 174]
INFO:root:engine: handle_object(aid=5, oid=33) finish
INFO:root:modules.abf_fetch: handle_object(aid=5, oid=34) start
INFO:requests.packages.urllib3.connectionpool:Starting new HTTP connection (1): webshop.abfbearings.com
INFO:root:scheduler: schedule_object(oid=180)
INFO:root:scheduler: new task [2, 6, 180]
INFO:root:engine: handle_object(aid=5, oid=34) finish
INFO:root:modules.abf_fetch: handle_object(aid=5, oid=35) start
INFO:requests.packages.urllib3.connectionpool:Starting new HTTP connection (1): webshop.abfbearings.com
INFO:root:scheduler: schedule_object(oid=186)
INFO:root:scheduler: new task [2, 6, 186]
INFO:root:engine: handle_object(aid=5, oid=35) finish
INFO:root:modules.abf_fetch: handle_object(aid=5, oid=36) start
INFO:requests.packages.urllib3.connectionpool:Starting new HTTP connection (1): webshop.abfbearings.com
INFO:root:scheduler: schedule_object(oid=195)
INFO:root:scheduler: new task [2, 6, 195]
INFO:root:engine: handle_object(aid=5, oid=36) finish
INFO:root:modules.abf_fetch: handle_object(aid=5, oid=37) start
INFO:requests.packages.urllib3.connectionpool:Starting new HTTP connection (1): webshop.abfbearings.com
INFO:root:scheduler: schedule_object(oid=198)
INFO:root:scheduler: new task [2, 6, 198]
INFO:root:engine: handle_object(aid=5, oid=37) finish
INFO:root:modules.abf_fetch: handle_object(aid=5, oid=38) start
INFO:requests.packages.urllib3.connectionpool:Starting new HTTP connection (1): webshop.abfbearings.com
INFO:root:scheduler: schedule_object(oid=207)
INFO:root:scheduler: new task [2, 6, 207]
INFO:root:engine: handle_object(aid=5, oid=38) finish
INFO:root:modules.abf_fetch: handle_object(aid=5, oid=39) start
INFO:requests.packages.urllib3.connectionpool:Starting new HTTP connection (1): webshop.abfbearings.com
INFO:root:scheduler: schedule_object(oid=210)
INFO:root:scheduler: new task [2, 6, 210]
INFO:root:engine: handle_object(aid=5, oid=39) finish
INFO:root:scheduler: host utwks61861.ewi.utwente.nl finish tasks: [[2, 5, 32], [2, 5, 33], [2, 5, 34], [2, 5, 35], [2, 5, 36], [2, 5, 37], [2, 5, 38], [2, 5, 39]]
INFO:root:scheduler: host utwks61861.ewi.utwente.nl get tasks: [[2, 5, 52], [2, 5, 53], [2, 5, 54], [2, 5, 55], [2, 5, 56], [2, 5, 57], [2, 5, 58], [2, 5, 59]]
INFO:root:run_job: get todo: len=8
INFO:root:modules.abf_fetch: handle_object(aid=5, oid=52) start
INFO:requests.packages.urllib3.connectionpool:Starting new HTTP connection (1): webshop.abfbearings.com
INFO:root:scheduler: schedule_object(oid=219)
INFO:root:scheduler: new task [2, 6, 219]
INFO:root:engine: handle_object(aid=5, oid=52) finish
INFO:root:modules.abf_fetch: handle_object(aid=5, oid=53) start
INFO:requests.packages.urllib3.connectionpool:Starting new HTTP connection (1): webshop.abfbearings.com
INFO:root:scheduler: schedule_object(oid=222)
INFO:root:scheduler: new task [2, 6, 222]
INFO:root:engine: handle_object(aid=5, oid=53) finish
INFO:root:modules.abf_fetch: handle_object(aid=5, oid=54) start
INFO:requests.packages.urllib3.connectionpool:Starting new HTTP connection (1): webshop.abfbearings.com
INFO:root:scheduler: schedule_object(oid=230)
INFO:root:scheduler: new task [2, 6, 230]
INFO:root:engine: handle_object(aid=5, oid=54) finish
INFO:root:modules.abf_fetch: handle_object(aid=5, oid=55) start
INFO:requests.packages.urllib3.connectionpool:Starting new HTTP connection (1): webshop.abfbearings.com
INFO:root:scheduler: schedule_object(oid=234)
INFO:root:scheduler: new task [2, 6, 234]
INFO:root:engine: handle_object(aid=5, oid=55) finish
INFO:root:modules.abf_fetch: handle_object(aid=5, oid=56) start
INFO:requests.packages.urllib3.connectionpool:Starting new HTTP connection (1): webshop.abfbearings.com
INFO:root:scheduler: schedule_object(oid=243)
INFO:root:scheduler: new task [2, 6, 243]
INFO:root:engine: handle_object(aid=5, oid=56) finish
INFO:root:modules.abf_fetch: handle_object(aid=5, oid=57) start
INFO:requests.packages.urllib3.connectionpool:Starting new HTTP connection (1): webshop.abfbearings.com
INFO:root:scheduler: schedule_object(oid=246)
INFO:root:scheduler: new task [2, 6, 246]
INFO:root:engine: handle_object(aid=5, oid=57) finish
INFO:root:modules.abf_fetch: handle_object(aid=5, oid=58) start
INFO:requests.packages.urllib3.connectionpool:Starting new HTTP connection (1): webshop.abfbearings.com
INFO:root:scheduler: schedule_object(oid=252)
INFO:root:scheduler: new task [2, 6, 252]
INFO:root:engine: handle_object(aid=5, oid=58) finish
INFO:root:modules.abf_fetch: handle_object(aid=5, oid=59) start
INFO:requests.packages.urllib3.connectionpool:Starting new HTTP connection (1): webshop.abfbearings.com
INFO:root:scheduler: schedule_object(oid=258)
INFO:root:scheduler: new task [2, 6, 258]
INFO:root:engine: handle_object(aid=5, oid=59) finish
INFO:root:scheduler: host utwks61861.ewi.utwente.nl finish tasks: [[2, 5, 52], [2, 5, 53], [2, 5, 54], [2, 5, 55], [2, 5, 56], [2, 5, 57], [2, 5, 58], [2, 5, 59]]
INFO:root:scheduler: host utwks61861.ewi.utwente.nl get tasks: [[2, 5, 68], [2, 5, 69], [2, 5, 70], [2, 5, 71], [2, 5, 72], [2, 5, 73], [2, 5, 74], [2, 5, 75]]
INFO:root:run_job: get todo: len=8
INFO:root:modules.abf_fetch: handle_object(aid=5, oid=68) start
INFO:requests.packages.urllib3.connectionpool:Starting new HTTP connection (1): webshop.abfbearings.com
INFO:root:scheduler: schedule_object(oid=267)
INFO:root:scheduler: new task [2, 6, 267]
INFO:root:engine: handle_object(aid=5, oid=68) finish
INFO:root:modules.abf_fetch: handle_object(aid=5, oid=69) start
INFO:requests.packages.urllib3.connectionpool:Starting new HTTP connection (1): webshop.abfbearings.com
INFO:root:scheduler: schedule_object(oid=273)
INFO:root:scheduler: new task [2, 6, 273]
INFO:root:engine: handle_object(aid=5, oid=69) finish
INFO:root:modules.abf_fetch: handle_object(aid=5, oid=70) start
INFO:requests.packages.urllib3.connectionpool:Starting new HTTP connection (1): webshop.abfbearings.com
INFO:root:scheduler: schedule_object(oid=279)
INFO:root:scheduler: new task [2, 6, 279]
INFO:root:engine: handle_object(aid=5, oid=70) finish
INFO:root:modules.abf_fetch: handle_object(aid=5, oid=71) start
INFO:requests.packages.urllib3.connectionpool:Starting new HTTP connection (1): webshop.abfbearings.com
INFO:root:scheduler: schedule_object(oid=282)
INFO:root:scheduler: new task [2, 6, 282]
INFO:root:engine: handle_object(aid=5, oid=71) finish
INFO:root:modules.abf_fetch: handle_object(aid=5, oid=72) start
INFO:requests.packages.urllib3.connectionpool:Starting new HTTP connection (1): webshop.abfbearings.com
INFO:root:scheduler: schedule_object(oid=291)
INFO:root:scheduler: new task [2, 6, 291]
INFO:root:engine: handle_object(aid=5, oid=72) finish
INFO:root:modules.abf_fetch: handle_object(aid=5, oid=73) start
INFO:requests.packages.urllib3.connectionpool:Starting new HTTP connection (1): webshop.abfbearings.com
INFO:root:scheduler: schedule_object(oid=294)
INFO:root:scheduler: new task [2, 6, 294]
INFO:root:engine: handle_object(aid=5, oid=73) finish
INFO:root:modules.abf_fetch: handle_object(aid=5, oid=74) start
INFO:requests.packages.urllib3.connectionpool:Starting new HTTP connection (1): webshop.abfbearings.com
INFO:root:scheduler: schedule_object(oid=303)
INFO:root:scheduler: new task [2, 6, 303]
INFO:root:engine: handle_object(aid=5, oid=74) finish
INFO:root:modules.abf_fetch: handle_object(aid=5, oid=75) start
INFO:requests.packages.urllib3.connectionpool:Starting new HTTP connection (1): webshop.abfbearings.com
INFO:root:scheduler: schedule_object(oid=306)
INFO:root:scheduler: new task [2, 6, 306]
INFO:root:engine: handle_object(aid=5, oid=75) finish
INFO:root:scheduler: host utwks61861.ewi.utwente.nl finish tasks: [[2, 5, 68], [2, 5, 69], [2, 5, 70], [2, 5, 71], [2, 5, 72], [2, 5, 73], [2, 5, 74], [2, 5, 75]]
INFO:root:scheduler: host utwks61861.ewi.utwente.nl get tasks: [[2, 5, 84], [2, 5, 85], [2, 5, 86], [2, 5, 87], [2, 5, 88], [2, 5, 89], [2, 5, 90], [2, 5, 91]]
INFO:root:run_job: get todo: len=8
INFO:root:modules.abf_fetch: handle_object(aid=5, oid=84) start
INFO:requests.packages.urllib3.connectionpool:Starting new HTTP connection (1): webshop.abfbearings.com
INFO:root:scheduler: schedule_object(oid=315)
INFO:root:scheduler: new task [2, 6, 315]
INFO:root:engine: handle_object(aid=5, oid=84) finish
INFO:root:modules.abf_fetch: handle_object(aid=5, oid=85) start
INFO:requests.packages.urllib3.connectionpool:Starting new HTTP connection (1): webshop.abfbearings.com
INFO:root:scheduler: schedule_object(oid=318)
INFO:root:scheduler: new task [2, 6, 318]
INFO:root:engine: handle_object(aid=5, oid=85) finish
INFO:root:modules.abf_fetch: handle_object(aid=5, oid=86) start
INFO:requests.packages.urllib3.connectionpool:Starting new HTTP connection (1): webshop.abfbearings.com
INFO:root:scheduler: schedule_object(oid=327)
INFO:root:scheduler: new task [2, 6, 327]
INFO:root:engine: handle_object(aid=5, oid=86) finish
INFO:root:modules.abf_fetch: handle_object(aid=5, oid=87) start
INFO:requests.packages.urllib3.connectionpool:Starting new HTTP connection (1): webshop.abfbearings.com
INFO:root:scheduler: schedule_object(oid=330)
INFO:root:scheduler: new task [2, 6, 330]
INFO:root:engine: handle_object(aid=5, oid=87) finish
INFO:root:modules.abf_fetch: handle_object(aid=5, oid=88) start
INFO:requests.packages.urllib3.connectionpool:Starting new HTTP connection (1): webshop.abfbearings.com
INFO:root:scheduler: schedule_object(oid=339)
INFO:root:scheduler: new task [2, 6, 339]
INFO:root:engine: handle_object(aid=5, oid=88) finish
INFO:root:modules.abf_fetch: handle_object(aid=5, oid=89) start
INFO:requests.packages.urllib3.connectionpool:Starting new HTTP connection (1): webshop.abfbearings.com
INFO:root:scheduler: schedule_object(oid=345)
INFO:root:scheduler: new task [2, 6, 345]
INFO:root:engine: handle_object(aid=5, oid=89) finish
INFO:root:modules.abf_fetch: handle_object(aid=5, oid=90) start
INFO:requests.packages.urllib3.connectionpool:Starting new HTTP connection (1): webshop.abfbearings.com
INFO:root:scheduler: schedule_object(oid=351)
INFO:root:scheduler: new task [2, 6, 351]
INFO:root:engine: handle_object(aid=5, oid=90) finish
INFO:root:modules.abf_fetch: handle_object(aid=5, oid=91) start
INFO:requests.packages.urllib3.connectionpool:Starting new HTTP connection (1): webshop.abfbearings.com
INFO:root:scheduler: schedule_object(oid=354)
INFO:root:scheduler: new task [2, 6, 354]
INFO:root:engine: handle_object(aid=5, oid=91) finish
INFO:root:scheduler: host utwks61861.ewi.utwente.nl finish tasks: [[2, 5, 84], [2, 5, 85], [2, 5, 86], [2, 5, 87], [2, 5, 88], [2, 5, 89], [2, 5, 90], [2, 5, 91]]
INFO:root:scheduler: host utwks61861.ewi.utwente.nl get tasks: [[2, 5, 100], [2, 5, 101], [2, 5, 102], [2, 5, 103], [2, 5, 104], [2, 5, 105], [2, 5, 106], [2, 5, 107]]
INFO:root:run_job: get todo: len=8
INFO:root:modules.abf_fetch: handle_object(aid=5, oid=100) start
INFO:requests.packages.urllib3.connectionpool:Starting new HTTP connection (1): webshop.abfbearings.com
INFO:root:scheduler: schedule_object(oid=363)
INFO:root:scheduler: new task [2, 6, 363]
INFO:root:engine: handle_object(aid=5, oid=100) finish
INFO:root:modules.abf_fetch: handle_object(aid=5, oid=101) start
INFO:requests.packages.urllib3.connectionpool:Starting new HTTP connection (1): webshop.abfbearings.com
INFO:root:scheduler: schedule_object(oid=367)
INFO:root:scheduler: new task [2, 6, 367]
INFO:root:engine: handle_object(aid=5, oid=101) finish
INFO:root:modules.abf_fetch: handle_object(aid=5, oid=102) start
INFO:requests.packages.urllib3.connectionpool:Starting new HTTP connection (1): webshop.abfbearings.com
INFO:root:scheduler: schedule_object(oid=375)
INFO:root:scheduler: new task [2, 6, 375]
INFO:root:engine: handle_object(aid=5, oid=102) finish
INFO:root:modules.abf_fetch: handle_object(aid=5, oid=103) start
INFO:requests.packages.urllib3.connectionpool:Starting new HTTP connection (1): webshop.abfbearings.com
INFO:root:scheduler: schedule_object(oid=378)
INFO:root:scheduler: new task [2, 6, 378]
INFO:root:engine: handle_object(aid=5, oid=103) finish
INFO:root:modules.abf_fetch: handle_object(aid=5, oid=104) start
INFO:requests.packages.urllib3.connectionpool:Starting new HTTP connection (1): webshop.abfbearings.com
INFO:root:scheduler: schedule_object(oid=387)
INFO:root:scheduler: new task [2, 6, 387]
INFO:root:engine: handle_object(aid=5, oid=104) finish
INFO:root:modules.abf_fetch: handle_object(aid=5, oid=105) start
INFO:requests.packages.urllib3.connectionpool:Starting new HTTP connection (1): webshop.abfbearings.com
INFO:root:scheduler: schedule_object(oid=390)
INFO:root:scheduler: new task [2, 6, 390]
INFO:root:engine: handle_object(aid=5, oid=105) finish
INFO:root:modules.abf_fetch: handle_object(aid=5, oid=106) start
INFO:requests.packages.urllib3.connectionpool:Starting new HTTP connection (1): webshop.abfbearings.com
INFO:root:scheduler: schedule_object(oid=399)
INFO:root:scheduler: new task [2, 6, 399]
INFO:root:engine: handle_object(aid=5, oid=106) finish
INFO:root:modules.abf_fetch: handle_object(aid=5, oid=107) start
INFO:requests.packages.urllib3.connectionpool:Starting new HTTP connection (1): webshop.abfbearings.com
INFO:root:scheduler: schedule_object(oid=402)
INFO:root:scheduler: new task [2, 6, 402]
INFO:root:engine: handle_object(aid=5, oid=107) finish
INFO:root:scheduler: host utwks61861.ewi.utwente.nl finish tasks: [[2, 5, 100], [2, 5, 101], [2, 5, 102], [2, 5, 103], [2, 5, 104], [2, 5, 105], [2, 5, 106], [2, 5, 107]]
INFO:root:scheduler: host utwks61861.ewi.utwente.nl get tasks: [[2, 6, 123], [2, 6, 126], [2, 6, 129], [2, 6, 132], [2, 6, 135], [2, 6, 137], [2, 6, 141], [2, 6, 144]]
INFO:root:run_job: get todo: len=8
INFO:root:Activity:modules.abf_extract_fields setup() ignored
INFO:root:Activity:modules.abf_extract_fields start
INFO:root:modules.abf_extract_fields: handle_object(aid=6, oid=123) start
INFO:root:scheduler: schedule_object(oid=405)
INFO:root:scheduler: new task [2, 7, 405]
INFO:root:engine: handle_object(aid=6, oid=123) finish
INFO:root:modules.abf_extract_fields: handle_object(aid=6, oid=126) start
INFO:root:scheduler: schedule_object(oid=408)
INFO:root:scheduler: new task [2, 7, 408]
INFO:root:engine: handle_object(aid=6, oid=126) finish
INFO:root:modules.abf_extract_fields: handle_object(aid=6, oid=129) start
INFO:root:scheduler: schedule_object(oid=413)
INFO:root:scheduler: new task [2, 7, 413]
INFO:root:engine: handle_object(aid=6, oid=129) finish
INFO:root:modules.abf_extract_fields: handle_object(aid=6, oid=132) start
INFO:root:scheduler: schedule_object(oid=417)
INFO:root:scheduler: new task [2, 7, 417]
INFO:root:engine: handle_object(aid=6, oid=132) finish
INFO:root:modules.abf_extract_fields: handle_object(aid=6, oid=135) start
INFO:root:scheduler: schedule_object(oid=420)
INFO:root:scheduler: new task [2, 7, 420]
INFO:root:engine: handle_object(aid=6, oid=135) finish
INFO:root:modules.abf_extract_fields: handle_object(aid=6, oid=137) start
INFO:root:scheduler: schedule_object(oid=423)
INFO:root:scheduler: new task [2, 7, 423]
INFO:root:engine: handle_object(aid=6, oid=137) finish
INFO:root:modules.abf_extract_fields: handle_object(aid=6, oid=141) start
INFO:root:scheduler: schedule_object(oid=426)
INFO:root:scheduler: new task [2, 7, 426]
INFO:root:engine: handle_object(aid=6, oid=141) finish
INFO:root:modules.abf_extract_fields: handle_object(aid=6, oid=144) start
INFO:root:scheduler: schedule_object(oid=429)
INFO:root:scheduler: new task [2, 7, 429]
INFO:root:engine: handle_object(aid=6, oid=144) finish
INFO:root:scheduler: host utwks61861.ewi.utwente.nl finish tasks: [[2, 6, 123], [2, 6, 126], [2, 6, 129], [2, 6, 132], [2, 6, 135], [2, 6, 137], [2, 6, 141], [2, 6, 144]]
INFO:root:scheduler: host utwks61861.ewi.utwente.nl get tasks: [[2, 7, 405], [2, 7, 408], [2, 7, 413], [2, 7, 417], [2, 7, 420], [2, 7, 423], [2, 7, 426], [2, 7, 429]]
INFO:root:run_job: get todo: len=8
INFO:root:modules.rfc-x-abf-cmp: handle_object(aid=7, oid=405) start
INFO:root:scheduler: schedule_object(oid=432)
INFO:root:engine: handle_object(aid=7, oid=405) finish
INFO:root:modules.rfc-x-abf-cmp: handle_object(aid=7, oid=408) start
INFO:root:scheduler: schedule_object(oid=435)
INFO:root:engine: handle_object(aid=7, oid=408) finish
INFO:root:modules.rfc-x-abf-cmp: handle_object(aid=7, oid=413) start
INFO:root:scheduler: schedule_object(oid=438)
INFO:root:engine: handle_object(aid=7, oid=413) finish
INFO:root:modules.rfc-x-abf-cmp: handle_object(aid=7, oid=417) start
INFO:root:scheduler: schedule_object(oid=443)
INFO:root:engine: handle_object(aid=7, oid=417) finish
INFO:root:modules.rfc-x-abf-cmp: handle_object(aid=7, oid=420) start
INFO:root:scheduler: schedule_object(oid=449)
INFO:root:engine: handle_object(aid=7, oid=420) finish
INFO:root:modules.rfc-x-abf-cmp: handle_object(aid=7, oid=423) start
INFO:root:scheduler: schedule_object(oid=456)
INFO:root:engine: handle_object(aid=7, oid=423) finish
INFO:root:modules.rfc-x-abf-cmp: handle_object(aid=7, oid=426) start
INFO:root:scheduler: schedule_object(oid=462)
INFO:root:engine: handle_object(aid=7, oid=426) finish
INFO:root:modules.rfc-x-abf-cmp: handle_object(aid=7, oid=429) start
INFO:root:scheduler: schedule_object(oid=469)
INFO:root:engine: handle_object(aid=7, oid=429) finish
INFO:root:scheduler: host utwks61861.ewi.utwente.nl finish tasks: [[2, 7, 405], [2, 7, 408], [2, 7, 413], [2, 7, 417], [2, 7, 420], [2, 7, 423], [2, 7, 426], [2, 7, 429]]
INFO:root:scheduler: host utwks61861.ewi.utwente.nl get tasks: [[2, 7, 447], [2, 7, 453], [2, 7, 459], [2, 7, 464], [2, 7, 470], [2, 7, 474]]
INFO:root:run_job: get todo: len=6
INFO:root:modules.rfc-x-abf-cmp: handle_object(aid=7, oid=447) start
INFO:root:scheduler: schedule_object(oid=477)
INFO:root:engine: handle_object(aid=7, oid=447) finish
INFO:root:modules.rfc-x-abf-cmp: handle_object(aid=7, oid=453) start
INFO:root:scheduler: schedule_object(oid=483)
INFO:root:engine: handle_object(aid=7, oid=453) finish
INFO:root:modules.rfc-x-abf-cmp: handle_object(aid=7, oid=459) start
INFO:root:scheduler: schedule_object(oid=490)
INFO:root:engine: handle_object(aid=7, oid=459) finish
INFO:root:modules.rfc-x-abf-cmp: handle_object(aid=7, oid=464) start
INFO:root:scheduler: schedule_object(oid=497)
INFO:root:engine: handle_object(aid=7, oid=464) finish
INFO:root:modules.rfc-x-abf-cmp: handle_object(aid=7, oid=470) start
INFO:root:scheduler: schedule_object(oid=503)
INFO:root:engine: handle_object(aid=7, oid=470) finish
INFO:root:modules.rfc-x-abf-cmp: handle_object(aid=7, oid=474) start
INFO:root:scheduler: schedule_object(oid=510)
INFO:root:engine: handle_object(aid=7, oid=474) finish
INFO:root:scheduler: host utwks61861.ewi.utwente.nl finish tasks: [[2, 7, 447], [2, 7, 453], [2, 7, 459], [2, 7, 464], [2, 7, 470], [2, 7, 474]]
INFO:root:scheduler: host utwks61861.ewi.utwente.nl get tasks: [[2, 7, 480], [2, 7, 485], [2, 7, 491], [2, 7, 495], [2, 7, 501], [2, 7, 507], [2, 7, 512]]
INFO:root:run_job: get todo: len=7
INFO:root:modules.rfc-x-abf-cmp: handle_object(aid=7, oid=480) start
INFO:root:scheduler: schedule_object(oid=518)
INFO:root:engine: handle_object(aid=7, oid=480) finish
INFO:root:modules.rfc-x-abf-cmp: handle_object(aid=7, oid=485) start
INFO:root:scheduler: schedule_object(oid=524)
INFO:root:engine: handle_object(aid=7, oid=485) finish
INFO:root:modules.rfc-x-abf-cmp: handle_object(aid=7, oid=491) start
INFO:root:scheduler: schedule_object(oid=531)
INFO:root:engine: handle_object(aid=7, oid=491) finish
INFO:root:modules.rfc-x-abf-cmp: handle_object(aid=7, oid=495) start
INFO:root:scheduler: schedule_object(oid=538)
INFO:root:engine: handle_object(aid=7, oid=495) finish
INFO:root:modules.rfc-x-abf-cmp: handle_object(aid=7, oid=501) start
INFO:root:scheduler: schedule_object(oid=544)
INFO:root:engine: handle_object(aid=7, oid=501) finish
INFO:root:modules.rfc-x-abf-cmp: handle_object(aid=7, oid=507) start
INFO:root:scheduler: schedule_object(oid=551)
INFO:root:engine: handle_object(aid=7, oid=507) finish
INFO:root:modules.rfc-x-abf-cmp: handle_object(aid=7, oid=512) start
INFO:root:scheduler: schedule_object(oid=558)
INFO:root:engine: handle_object(aid=7, oid=512) finish
INFO:root:scheduler: host utwks61861.ewi.utwente.nl finish tasks: [[2, 7, 480], [2, 7, 485], [2, 7, 491], [2, 7, 495], [2, 7, 501], [2, 7, 507], [2, 7, 512]]
INFO:root:scheduler: host utwks61861.ewi.utwente.nl get tasks: [[2, 7, 516], [2, 7, 522], [2, 7, 528], [2, 7, 533], [2, 7, 539], [2, 7, 545], [2, 7, 549], [2, 7, 555]]
INFO:root:run_job: get todo: len=8
INFO:root:modules.rfc-x-abf-cmp: handle_object(aid=7, oid=516) start
INFO:root:scheduler: schedule_object(oid=565)
INFO:root:engine: handle_object(aid=7, oid=516) finish
INFO:root:modules.rfc-x-abf-cmp: handle_object(aid=7, oid=522) start
INFO:root:scheduler: schedule_object(oid=572)
INFO:root:engine: handle_object(aid=7, oid=522) finish
INFO:root:modules.rfc-x-abf-cmp: handle_object(aid=7, oid=528) start
INFO:root:scheduler: schedule_object(oid=579)
INFO:root:engine: handle_object(aid=7, oid=528) finish
INFO:root:modules.rfc-x-abf-cmp: handle_object(aid=7, oid=533) start
INFO:root:scheduler: schedule_object(oid=585)
INFO:root:engine: handle_object(aid=7, oid=533) finish
INFO:root:modules.rfc-x-abf-cmp: handle_object(aid=7, oid=539) start
INFO:root:scheduler: schedule_object(oid=592)
INFO:root:engine: handle_object(aid=7, oid=539) finish
INFO:root:modules.rfc-x-abf-cmp: handle_object(aid=7, oid=545) start
INFO:root:scheduler: schedule_object(oid=599)
INFO:root:engine: handle_object(aid=7, oid=545) finish
INFO:root:modules.rfc-x-abf-cmp: handle_object(aid=7, oid=549) start
INFO:root:scheduler: schedule_object(oid=606)
INFO:root:engine: handle_object(aid=7, oid=549) finish
INFO:root:modules.rfc-x-abf-cmp: handle_object(aid=7, oid=555) start
INFO:root:scheduler: schedule_object(oid=612)
INFO:root:engine: handle_object(aid=7, oid=555) finish
INFO:root:scheduler: host utwks61861.ewi.utwente.nl finish tasks: [[2, 7, 516], [2, 7, 522], [2, 7, 528], [2, 7, 533], [2, 7, 539], [2, 7, 545], [2, 7, 549], [2, 7, 555]]
INFO:root:scheduler: host utwks61861.ewi.utwente.nl get tasks: [[2, 7, 560], [2, 7, 566], [2, 7, 570], [2, 7, 576], [2, 7, 581], [2, 7, 587], [2, 7, 593], [2, 7, 597]]
INFO:root:run_job: get todo: len=8
INFO:root:modules.rfc-x-abf-cmp: handle_object(aid=7, oid=560) start
INFO:root:scheduler: schedule_object(oid=620)
INFO:root:engine: handle_object(aid=7, oid=560) finish
INFO:root:modules.rfc-x-abf-cmp: handle_object(aid=7, oid=566) start
INFO:root:scheduler: schedule_object(oid=627)
INFO:root:engine: handle_object(aid=7, oid=566) finish
INFO:root:modules.rfc-x-abf-cmp: handle_object(aid=7, oid=570) start
INFO:root:scheduler: schedule_object(oid=633)
INFO:root:engine: handle_object(aid=7, oid=570) finish
INFO:root:modules.rfc-x-abf-cmp: handle_object(aid=7, oid=576) start
INFO:root:scheduler: schedule_object(oid=640)
INFO:root:engine: handle_object(aid=7, oid=576) finish
INFO:root:modules.rfc-x-abf-cmp: handle_object(aid=7, oid=581) start
INFO:root:scheduler: schedule_object(oid=647)
INFO:root:engine: handle_object(aid=7, oid=581) finish
INFO:root:modules.rfc-x-abf-cmp: handle_object(aid=7, oid=587) start
INFO:root:scheduler: schedule_object(oid=653)
INFO:root:engine: handle_object(aid=7, oid=587) finish
INFO:root:modules.rfc-x-abf-cmp: handle_object(aid=7, oid=593) start
INFO:root:scheduler: schedule_object(oid=660)
INFO:root:engine: handle_object(aid=7, oid=593) finish
INFO:root:modules.rfc-x-abf-cmp: handle_object(aid=7, oid=597) start
INFO:root:scheduler: schedule_object(oid=667)
INFO:root:engine: handle_object(aid=7, oid=597) finish
INFO:root:scheduler: host utwks61861.ewi.utwente.nl finish tasks: [[2, 7, 560], [2, 7, 566], [2, 7, 570], [2, 7, 576], [2, 7, 581], [2, 7, 587], [2, 7, 593], [2, 7, 597]]
INFO:root:scheduler: host utwks61861.ewi.utwente.nl get tasks: [[2, 7, 603], [2, 7, 609], [2, 7, 614], [2, 7, 618], [2, 7, 624], [2, 7, 630], [2, 7, 635], [2, 7, 641]]
INFO:root:run_job: get todo: len=8
INFO:root:modules.rfc-x-abf-cmp: handle_object(aid=7, oid=603) start
INFO:root:scheduler: schedule_object(oid=674)
INFO:root:engine: handle_object(aid=7, oid=603) finish
INFO:root:modules.rfc-x-abf-cmp: handle_object(aid=7, oid=609) start
INFO:root:scheduler: schedule_object(oid=681)
INFO:root:engine: handle_object(aid=7, oid=609) finish
INFO:root:modules.rfc-x-abf-cmp: handle_object(aid=7, oid=614) start
INFO:root:scheduler: schedule_object(oid=688)
INFO:root:engine: handle_object(aid=7, oid=614) finish
INFO:root:modules.rfc-x-abf-cmp: handle_object(aid=7, oid=618) start
INFO:root:scheduler: schedule_object(oid=694)
INFO:root:engine: handle_object(aid=7, oid=618) finish
INFO:root:modules.rfc-x-abf-cmp: handle_object(aid=7, oid=624) start
INFO:root:scheduler: schedule_object(oid=701)
INFO:root:engine: handle_object(aid=7, oid=624) finish
INFO:root:modules.rfc-x-abf-cmp: handle_object(aid=7, oid=630) start
INFO:root:scheduler: schedule_object(oid=708)
INFO:root:engine: handle_object(aid=7, oid=630) finish
INFO:root:modules.rfc-x-abf-cmp: handle_object(aid=7, oid=635) start
INFO:root:scheduler: schedule_object(oid=714)
INFO:root:engine: handle_object(aid=7, oid=635) finish
INFO:root:modules.rfc-x-abf-cmp: handle_object(aid=7, oid=641) start
INFO:root:scheduler: schedule_object(oid=721)
INFO:root:engine: handle_object(aid=7, oid=641) finish
INFO:root:scheduler: host utwks61861.ewi.utwente.nl finish tasks: [[2, 7, 603], [2, 7, 609], [2, 7, 614], [2, 7, 618], [2, 7, 624], [2, 7, 630], [2, 7, 635], [2, 7, 641]]
INFO:root:scheduler: host utwks61861.ewi.utwente.nl get tasks: [[2, 7, 645], [2, 7, 651], [2, 7, 657], [2, 7, 662], [2, 7, 668], [2, 7, 672], [2, 7, 678], [2, 7, 683]]
INFO:root:run_job: get todo: len=8
INFO:root:modules.rfc-x-abf-cmp: handle_object(aid=7, oid=645) start
INFO:root:scheduler: schedule_object(oid=729)
INFO:root:engine: handle_object(aid=7, oid=645) finish
INFO:root:modules.rfc-x-abf-cmp: handle_object(aid=7, oid=651) start
INFO:root:scheduler: schedule_object(oid=735)
INFO:root:engine: handle_object(aid=7, oid=651) finish
INFO:root:modules.rfc-x-abf-cmp: handle_object(aid=7, oid=657) start
INFO:root:scheduler: schedule_object(oid=742)
INFO:root:engine: handle_object(aid=7, oid=657) finish
INFO:root:modules.rfc-x-abf-cmp: handle_object(aid=7, oid=662) start
INFO:root:scheduler: schedule_object(oid=749)
INFO:root:engine: handle_object(aid=7, oid=662) finish
INFO:root:modules.rfc-x-abf-cmp: handle_object(aid=7, oid=668) start
INFO:root:scheduler: schedule_object(oid=755)
INFO:root:engine: handle_object(aid=7, oid=668) finish
INFO:root:modules.rfc-x-abf-cmp: handle_object(aid=7, oid=672) start
INFO:root:scheduler: schedule_object(oid=761)
INFO:root:engine: handle_object(aid=7, oid=672) finish
INFO:root:modules.rfc-x-abf-cmp: handle_object(aid=7, oid=678) start
INFO:root:scheduler: schedule_object(oid=769)
INFO:root:engine: handle_object(aid=7, oid=678) finish
INFO:root:modules.rfc-x-abf-cmp: handle_object(aid=7, oid=683) start
INFO:root:scheduler: schedule_object(oid=776)
INFO:root:engine: handle_object(aid=7, oid=683) finish
INFO:root:scheduler: host utwks61861.ewi.utwente.nl finish tasks: [[2, 7, 645], [2, 7, 651], [2, 7, 657], [2, 7, 662], [2, 7, 668], [2, 7, 672], [2, 7, 678], [2, 7, 683]]
INFO:root:scheduler: host utwks61861.ewi.utwente.nl get tasks: [[2, 7, 689], [2, 7, 695], [2, 7, 699], [2, 7, 705], [2, 7, 710], [2, 7, 716], [2, 7, 722], [2, 7, 726]]
INFO:root:run_job: get todo: len=8
INFO:root:modules.rfc-x-abf-cmp: handle_object(aid=7, oid=689) start
INFO:root:scheduler: schedule_object(oid=782)
INFO:root:engine: handle_object(aid=7, oid=689) finish
INFO:root:modules.rfc-x-abf-cmp: handle_object(aid=7, oid=695) start
INFO:root:scheduler: schedule_object(oid=790)
INFO:root:engine: handle_object(aid=7, oid=695) finish
INFO:root:modules.rfc-x-abf-cmp: handle_object(aid=7, oid=699) start
INFO:root:scheduler: schedule_object(oid=797)
INFO:root:engine: handle_object(aid=7, oid=699) finish
INFO:root:modules.rfc-x-abf-cmp: handle_object(aid=7, oid=705) start
INFO:root:scheduler: schedule_object(oid=803)
INFO:root:engine: handle_object(aid=7, oid=705) finish
INFO:root:modules.rfc-x-abf-cmp: handle_object(aid=7, oid=710) start
INFO:root:scheduler: schedule_object(oid=809)
INFO:root:engine: handle_object(aid=7, oid=710) finish
INFO:root:modules.rfc-x-abf-cmp: handle_object(aid=7, oid=716) start
INFO:root:scheduler: schedule_object(oid=817)
INFO:root:engine: handle_object(aid=7, oid=716) finish
INFO:root:modules.rfc-x-abf-cmp: handle_object(aid=7, oid=722) start
INFO:root:scheduler: schedule_object(oid=823)
INFO:root:engine: handle_object(aid=7, oid=722) finish
INFO:root:modules.rfc-x-abf-cmp: handle_object(aid=7, oid=726) start
INFO:root:scheduler: schedule_object(oid=830)
INFO:root:engine: handle_object(aid=7, oid=726) finish
INFO:root:scheduler: host utwks61861.ewi.utwente.nl finish tasks: [[2, 7, 689], [2, 7, 695], [2, 7, 699], [2, 7, 705], [2, 7, 710], [2, 7, 716], [2, 7, 722], [2, 7, 726]]
INFO:root:scheduler: host utwks61861.ewi.utwente.nl get tasks: [[2, 7, 731], [2, 7, 737], [2, 7, 743], [2, 7, 747], [2, 7, 753], [2, 7, 759], [2, 7, 764], [2, 7, 770]]
INFO:root:run_job: get todo: len=8
INFO:root:modules.rfc-x-abf-cmp: handle_object(aid=7, oid=731) start
INFO:root:scheduler: schedule_object(oid=838)
INFO:root:engine: handle_object(aid=7, oid=731) finish
INFO:root:modules.rfc-x-abf-cmp: handle_object(aid=7, oid=737) start
INFO:root:scheduler: schedule_object(oid=844)
INFO:root:engine: handle_object(aid=7, oid=737) finish
INFO:root:modules.rfc-x-abf-cmp: handle_object(aid=7, oid=743) start
INFO:root:scheduler: schedule_object(oid=851)
INFO:root:engine: handle_object(aid=7, oid=743) finish
INFO:root:modules.rfc-x-abf-cmp: handle_object(aid=7, oid=747) start
INFO:root:scheduler: schedule_object(oid=858)
INFO:root:engine: handle_object(aid=7, oid=747) finish
INFO:root:modules.rfc-x-abf-cmp: handle_object(aid=7, oid=753) start
INFO:root:scheduler: schedule_object(oid=864)
INFO:root:engine: handle_object(aid=7, oid=753) finish
INFO:root:modules.rfc-x-abf-cmp: handle_object(aid=7, oid=759) start
INFO:root:scheduler: schedule_object(oid=871)
INFO:root:engine: handle_object(aid=7, oid=759) finish
INFO:root:modules.rfc-x-abf-cmp: handle_object(aid=7, oid=764) start
INFO:root:scheduler: schedule_object(oid=878)
INFO:root:engine: handle_object(aid=7, oid=764) finish
INFO:root:modules.rfc-x-abf-cmp: handle_object(aid=7, oid=770) start
INFO:root:scheduler: schedule_object(oid=885)
INFO:root:engine: handle_object(aid=7, oid=770) finish
INFO:root:scheduler: host utwks61861.ewi.utwente.nl finish tasks: [[2, 7, 731], [2, 7, 737], [2, 7, 743], [2, 7, 747], [2, 7, 753], [2, 7, 759], [2, 7, 764], [2, 7, 770]]
INFO:root:scheduler: host utwks61861.ewi.utwente.nl get tasks: [[2, 7, 774], [2, 7, 780], [2, 7, 785], [2, 7, 791], [2, 7, 796], [2, 7, 802], [2, 7, 807], [2, 7, 812]]
INFO:root:run_job: get todo: len=8
INFO:root:modules.rfc-x-abf-cmp: handle_object(aid=7, oid=774) start
INFO:root:scheduler: schedule_object(oid=893)
INFO:root:engine: handle_object(aid=7, oid=774) finish
INFO:root:modules.rfc-x-abf-cmp: handle_object(aid=7, oid=780) start
INFO:root:scheduler: schedule_object(oid=899)
INFO:root:engine: handle_object(aid=7, oid=780) finish
INFO:root:modules.rfc-x-abf-cmp: handle_object(aid=7, oid=785) start
INFO:root:scheduler: schedule_object(oid=906)
INFO:root:engine: handle_object(aid=7, oid=785) finish
INFO:root:modules.rfc-x-abf-cmp: handle_object(aid=7, oid=791) start
INFO:root:scheduler: schedule_object(oid=913)
INFO:root:engine: handle_object(aid=7, oid=791) finish
INFO:root:modules.rfc-x-abf-cmp: handle_object(aid=7, oid=796) start
INFO:root:scheduler: schedule_object(oid=920)
INFO:root:engine: handle_object(aid=7, oid=796) finish
INFO:root:modules.rfc-x-abf-cmp: handle_object(aid=7, oid=802) start
INFO:root:scheduler: schedule_object(oid=927)
INFO:root:engine: handle_object(aid=7, oid=802) finish
INFO:root:modules.rfc-x-abf-cmp: handle_object(aid=7, oid=807) start
INFO:root:scheduler: schedule_object(oid=930)
INFO:root:engine: handle_object(aid=7, oid=807) finish
INFO:root:modules.rfc-x-abf-cmp: handle_object(aid=7, oid=812) start
INFO:root:scheduler: schedule_object(oid=933)
INFO:root:engine: handle_object(aid=7, oid=812) finish
INFO:root:scheduler: host utwks61861.ewi.utwente.nl finish tasks: [[2, 7, 774], [2, 7, 780], [2, 7, 785], [2, 7, 791], [2, 7, 796], [2, 7, 802], [2, 7, 807], [2, 7, 812]]
INFO:root:scheduler: host utwks61861.ewi.utwente.nl get tasks: [[2, 7, 818], [2, 7, 824], [2, 7, 829], [2, 7, 834], [2, 7, 839], [2, 7, 845], [2, 7, 849], [2, 7, 855]]
INFO:root:run_job: get todo: len=8
INFO:root:modules.rfc-x-abf-cmp: handle_object(aid=7, oid=818) start
INFO:root:scheduler: schedule_object(oid=936)
INFO:root:engine: handle_object(aid=7, oid=818) finish
INFO:root:modules.rfc-x-abf-cmp: handle_object(aid=7, oid=824) start
INFO:root:scheduler: schedule_object(oid=939)
INFO:root:engine: handle_object(aid=7, oid=824) finish
INFO:root:modules.rfc-x-abf-cmp: handle_object(aid=7, oid=829) start
INFO:root:scheduler: schedule_object(oid=942)
INFO:root:engine: handle_object(aid=7, oid=829) finish
INFO:root:modules.rfc-x-abf-cmp: handle_object(aid=7, oid=834) start
INFO:root:scheduler: schedule_object(oid=945)
INFO:root:engine: handle_object(aid=7, oid=834) finish
INFO:root:modules.rfc-x-abf-cmp: handle_object(aid=7, oid=839) start
INFO:root:scheduler: schedule_object(oid=948)
INFO:root:engine: handle_object(aid=7, oid=839) finish
INFO:root:modules.rfc-x-abf-cmp: handle_object(aid=7, oid=845) start
INFO:root:scheduler: schedule_object(oid=951)
INFO:root:engine: handle_object(aid=7, oid=845) finish
INFO:root:modules.rfc-x-abf-cmp: handle_object(aid=7, oid=849) start
INFO:root:scheduler: schedule_object(oid=954)
INFO:root:engine: handle_object(aid=7, oid=849) finish
INFO:root:modules.rfc-x-abf-cmp: handle_object(aid=7, oid=855) start
INFO:root:scheduler: schedule_object(oid=957)
INFO:root:engine: handle_object(aid=7, oid=855) finish
INFO:root:scheduler: host utwks61861.ewi.utwente.nl finish tasks: [[2, 7, 818], [2, 7, 824], [2, 7, 829], [2, 7, 834], [2, 7, 839], [2, 7, 845], [2, 7, 849], [2, 7, 855]]
INFO:root:scheduler: host utwks61861.ewi.utwente.nl get tasks: [[2, 7, 860], [2, 7, 866], [2, 7, 872], [2, 7, 876], [2, 7, 882], [2, 7, 888], [2, 7, 892], [2, 7, 897]]
INFO:root:run_job: get todo: len=8
INFO:root:modules.rfc-x-abf-cmp: handle_object(aid=7, oid=860) start
INFO:root:scheduler: schedule_object(oid=960)
INFO:root:engine: handle_object(aid=7, oid=860) finish
INFO:root:modules.rfc-x-abf-cmp: handle_object(aid=7, oid=866) start
INFO:root:scheduler: schedule_object(oid=963)
INFO:root:engine: handle_object(aid=7, oid=866) finish
INFO:root:modules.rfc-x-abf-cmp: handle_object(aid=7, oid=872) start
INFO:root:scheduler: schedule_object(oid=966)
INFO:root:engine: handle_object(aid=7, oid=872) finish
INFO:root:modules.rfc-x-abf-cmp: handle_object(aid=7, oid=876) start
INFO:root:scheduler: schedule_object(oid=969)
INFO:root:engine: handle_object(aid=7, oid=876) finish
INFO:root:modules.rfc-x-abf-cmp: handle_object(aid=7, oid=882) start
INFO:root:scheduler: schedule_object(oid=972)
INFO:root:engine: handle_object(aid=7, oid=882) finish
INFO:root:modules.rfc-x-abf-cmp: handle_object(aid=7, oid=888) start
INFO:root:scheduler: schedule_object(oid=975)
INFO:root:engine: handle_object(aid=7, oid=888) finish
INFO:root:modules.rfc-x-abf-cmp: handle_object(aid=7, oid=892) start
INFO:root:scheduler: schedule_object(oid=978)
INFO:root:engine: handle_object(aid=7, oid=892) finish
INFO:root:modules.rfc-x-abf-cmp: handle_object(aid=7, oid=897) start
INFO:root:scheduler: schedule_object(oid=981)
INFO:root:engine: handle_object(aid=7, oid=897) finish
INFO:root:scheduler: host utwks61861.ewi.utwente.nl finish tasks: [[2, 7, 860], [2, 7, 866], [2, 7, 872], [2, 7, 876], [2, 7, 882], [2, 7, 888], [2, 7, 892], [2, 7, 897]]
INFO:root:scheduler: host utwks61861.ewi.utwente.nl get tasks: [[2, 7, 902], [2, 7, 908], [2, 7, 914], [2, 7, 918], [2, 7, 924]]
INFO:root:run_job: get todo: len=5
INFO:root:modules.rfc-x-abf-cmp: handle_object(aid=7, oid=902) start
INFO:root:scheduler: schedule_object(oid=984)
INFO:root:engine: handle_object(aid=7, oid=902) finish
INFO:root:modules.rfc-x-abf-cmp: handle_object(aid=7, oid=908) start
INFO:root:scheduler: schedule_object(oid=987)
INFO:root:engine: handle_object(aid=7, oid=908) finish
INFO:root:modules.rfc-x-abf-cmp: handle_object(aid=7, oid=914) start
INFO:root:scheduler: schedule_object(oid=990)
INFO:root:engine: handle_object(aid=7, oid=914) finish
INFO:root:modules.rfc-x-abf-cmp: handle_object(aid=7, oid=918) start
INFO:root:scheduler: schedule_object(oid=993)
INFO:root:engine: handle_object(aid=7, oid=918) finish
INFO:root:modules.rfc-x-abf-cmp: handle_object(aid=7, oid=924) start
INFO:root:scheduler: schedule_object(oid=996)
INFO:root:engine: handle_object(aid=7, oid=924) finish
INFO:root:scheduler: host utwks61861.ewi.utwente.nl finish tasks: [[2, 7, 902], [2, 7, 908], [2, 7, 914], [2, 7, 918], [2, 7, 924]]
INFO:root:scheduler: host utwks61861.ewi.utwente.nl get tasks: []
INFO:root:run_job: no more todo
INFO:root:Close Postgres DB: <connection object at 0x10149c860; dsn: 'dbname='scjan' user='scjan' host='farm15.ewi.utwente.nl' password=xxxxxxx', closed: 1>
