INFO:root:Running the Combine Web Harvesting engine!
INFO:root:Open Postgres DB: <connection object at 0x10119c860; dsn: 'dbname='scjan' user='scjan' host='farm15.ewi.utwente.nl' password=xxxxxxx', closed: 0>
INFO:root:scheduler: started
INFO:root:scheduler: host utwks61861.ewi.utwente.nl started as slave
INFO:root:scheduler: add_job(jid=2)
INFO:root:scheduler: add_job(jid=2)
INFO:root:scheduler: host utwks61861.ewi.utwente.nl get tasks: [[2, 4, 10]]
INFO:root:run_job: get todo: len=1
INFO:root:Activity:modules.abf_detail_url start
INFO:root:modules.abf_detail_url: handle_object(aid=4, oid=10) start
INFO:requests.packages.urllib3.connectionpool:Starting new HTTP connection (1): webshop.abfbearings.com
INFO:root:scheduler: schedule_object(oid=16)
INFO:root:scheduler: new task [2, 5, 16]
INFO:root:scheduler: schedule_object(oid=18)
INFO:root:scheduler: new task [2, 5, 18]
INFO:root:scheduler: schedule_object(oid=20)
INFO:root:scheduler: new task [2, 5, 20]
INFO:root:scheduler: schedule_object(oid=22)
INFO:root:scheduler: new task [2, 5, 22]
INFO:root:scheduler: schedule_object(oid=24)
INFO:root:scheduler: new task [2, 5, 24]
INFO:root:scheduler: schedule_object(oid=26)
INFO:root:scheduler: new task [2, 5, 26]
INFO:root:scheduler: schedule_object(oid=28)
INFO:root:scheduler: new task [2, 5, 28]
INFO:root:scheduler: schedule_object(oid=30)
INFO:root:scheduler: new task [2, 5, 30]
INFO:root:scheduler: schedule_object(oid=32)
INFO:root:scheduler: new task [2, 5, 32]
INFO:root:scheduler: schedule_object(oid=34)
INFO:root:scheduler: new task [2, 5, 34]
INFO:root:scheduler: schedule_object(oid=36)
INFO:root:scheduler: new task [2, 5, 36]
INFO:root:scheduler: schedule_object(oid=38)
INFO:root:scheduler: new task [2, 5, 38]
INFO:root:scheduler: schedule_object(oid=40)
INFO:root:scheduler: new task [2, 5, 40]
INFO:root:scheduler: schedule_object(oid=42)
INFO:root:scheduler: new task [2, 5, 42]
INFO:root:scheduler: schedule_object(oid=44)
INFO:root:scheduler: new task [2, 5, 44]
INFO:root:scheduler: schedule_object(oid=46)
INFO:root:scheduler: new task [2, 5, 46]
INFO:root:scheduler: schedule_object(oid=48)
INFO:root:scheduler: new task [2, 5, 48]
INFO:root:scheduler: schedule_object(oid=50)
INFO:root:scheduler: new task [2, 5, 50]
INFO:root:scheduler: schedule_object(oid=52)
INFO:root:scheduler: new task [2, 5, 52]
INFO:root:scheduler: schedule_object(oid=54)
INFO:root:scheduler: new task [2, 5, 54]
INFO:root:scheduler: schedule_object(oid=56)
INFO:root:scheduler: new task [2, 5, 56]
INFO:root:scheduler: schedule_object(oid=58)
INFO:root:scheduler: new task [2, 5, 58]
INFO:root:scheduler: schedule_object(oid=60)
INFO:root:scheduler: new task [2, 5, 60]
INFO:root:scheduler: schedule_object(oid=62)
INFO:root:scheduler: new task [2, 5, 62]
INFO:root:scheduler: schedule_object(oid=64)
INFO:root:scheduler: new task [2, 5, 64]
INFO:root:scheduler: schedule_object(oid=66)
INFO:root:scheduler: new task [2, 5, 66]
INFO:root:scheduler: schedule_object(oid=68)
INFO:root:scheduler: new task [2, 5, 68]
INFO:root:scheduler: schedule_object(oid=70)
INFO:root:scheduler: new task [2, 5, 70]
INFO:root:scheduler: schedule_object(oid=72)
INFO:root:scheduler: new task [2, 5, 72]
INFO:root:scheduler: schedule_object(oid=74)
INFO:root:scheduler: new task [2, 5, 74]
INFO:root:scheduler: schedule_object(oid=76)
INFO:root:scheduler: new task [2, 5, 76]
INFO:root:scheduler: schedule_object(oid=78)
INFO:root:scheduler: new task [2, 5, 78]
INFO:root:scheduler: schedule_object(oid=80)
INFO:root:scheduler: new task [2, 5, 80]
INFO:root:scheduler: schedule_object(oid=82)
INFO:root:scheduler: new task [2, 5, 82]
INFO:root:scheduler: schedule_object(oid=84)
INFO:root:scheduler: new task [2, 5, 84]
INFO:root:scheduler: schedule_object(oid=86)
INFO:root:scheduler: new task [2, 5, 86]
INFO:root:scheduler: schedule_object(oid=88)
INFO:root:scheduler: new task [2, 5, 88]
INFO:root:scheduler: schedule_object(oid=90)
INFO:root:scheduler: new task [2, 5, 90]
INFO:root:scheduler: schedule_object(oid=92)
INFO:root:scheduler: new task [2, 5, 92]
INFO:root:scheduler: schedule_object(oid=94)
INFO:root:scheduler: new task [2, 5, 94]
INFO:root:scheduler: schedule_object(oid=96)
INFO:root:scheduler: new task [2, 5, 96]
INFO:root:scheduler: schedule_object(oid=98)
INFO:root:scheduler: new task [2, 5, 98]
INFO:root:scheduler: schedule_object(oid=100)
INFO:root:scheduler: new task [2, 5, 100]
INFO:root:scheduler: schedule_object(oid=102)
INFO:root:scheduler: new task [2, 5, 102]
INFO:root:scheduler: schedule_object(oid=104)
INFO:root:scheduler: new task [2, 5, 104]
INFO:root:scheduler: schedule_object(oid=106)
INFO:root:scheduler: new task [2, 5, 106]
INFO:root:scheduler: schedule_object(oid=108)
INFO:root:scheduler: new task [2, 5, 108]
INFO:root:scheduler: schedule_object(oid=110)
INFO:root:scheduler: new task [2, 5, 110]
INFO:root:scheduler: schedule_object(oid=112)
INFO:root:scheduler: new task [2, 5, 112]
INFO:root:engine: handle_object(aid=4, oid=10) finish
INFO:root:scheduler: host utwks61861.ewi.utwente.nl finish tasks: [[2, 4, 10]]
INFO:root:scheduler: host utwks61861.ewi.utwente.nl get tasks: [[2, 5, 16], [2, 5, 17], [2, 5, 18], [2, 5, 19]]
INFO:root:run_job: get todo: len=4
INFO:root:Activity:modules.abf_fetch setup() ignored
INFO:root:Activity:modules.abf_fetch start
INFO:root:modules.abf_fetch: handle_object(aid=5, oid=16) start
INFO:requests.packages.urllib3.connectionpool:Starting new HTTP connection (1): webshop.abfbearings.com
INFO:root:scheduler: schedule_object(oid=117)
INFO:root:scheduler: new task [2, 6, 117]
INFO:root:engine: handle_object(aid=5, oid=16) finish
INFO:root:modules.abf_fetch: handle_object(aid=5, oid=17) start
INFO:requests.packages.urllib3.connectionpool:Starting new HTTP connection (1): webshop.abfbearings.com
INFO:root:scheduler: schedule_object(oid=126)
INFO:root:scheduler: new task [2, 6, 126]
INFO:root:engine: handle_object(aid=5, oid=17) finish
INFO:root:modules.abf_fetch: handle_object(aid=5, oid=18) start
INFO:requests.packages.urllib3.connectionpool:Starting new HTTP connection (1): webshop.abfbearings.com
INFO:root:scheduler: schedule_object(oid=129)
INFO:root:scheduler: new task [2, 6, 129]
INFO:root:engine: handle_object(aid=5, oid=18) finish
INFO:root:modules.abf_fetch: handle_object(aid=5, oid=19) start
INFO:requests.packages.urllib3.connectionpool:Starting new HTTP connection (1): webshop.abfbearings.com
INFO:root:scheduler: schedule_object(oid=137)
INFO:root:scheduler: new task [2, 6, 137]
INFO:root:engine: handle_object(aid=5, oid=19) finish
INFO:root:scheduler: host utwks61861.ewi.utwente.nl finish tasks: [[2, 5, 16], [2, 5, 17], [2, 5, 18], [2, 5, 19]]
INFO:root:scheduler: host utwks61861.ewi.utwente.nl get tasks: [[2, 5, 28], [2, 5, 29], [2, 5, 30], [2, 5, 31]]
INFO:root:run_job: get todo: len=4
INFO:root:modules.abf_fetch: handle_object(aid=5, oid=28) start
INFO:requests.packages.urllib3.connectionpool:Starting new HTTP connection (1): webshop.abfbearings.com
INFO:root:scheduler: schedule_object(oid=144)
INFO:root:scheduler: new task [2, 6, 144]
INFO:root:engine: handle_object(aid=5, oid=28) finish
INFO:root:modules.abf_fetch: handle_object(aid=5, oid=29) start
INFO:requests.packages.urllib3.connectionpool:Starting new HTTP connection (1): webshop.abfbearings.com
INFO:root:scheduler: schedule_object(oid=150)
INFO:root:scheduler: new task [2, 6, 150]
INFO:root:engine: handle_object(aid=5, oid=29) finish
INFO:root:modules.abf_fetch: handle_object(aid=5, oid=30) start
INFO:requests.packages.urllib3.connectionpool:Starting new HTTP connection (1): webshop.abfbearings.com
INFO:root:scheduler: schedule_object(oid=155)
INFO:root:scheduler: new task [2, 6, 155]
INFO:root:engine: handle_object(aid=5, oid=30) finish
INFO:root:modules.abf_fetch: handle_object(aid=5, oid=31) start
INFO:requests.packages.urllib3.connectionpool:Starting new HTTP connection (1): webshop.abfbearings.com
INFO:root:scheduler: schedule_object(oid=162)
INFO:root:scheduler: new task [2, 6, 162]
INFO:root:engine: handle_object(aid=5, oid=31) finish
INFO:root:scheduler: host utwks61861.ewi.utwente.nl finish tasks: [[2, 5, 28], [2, 5, 29], [2, 5, 30], [2, 5, 31]]
INFO:root:scheduler: host utwks61861.ewi.utwente.nl get tasks: [[2, 5, 40], [2, 5, 41], [2, 5, 42], [2, 5, 43]]
INFO:root:run_job: get todo: len=4
INFO:root:modules.abf_fetch: handle_object(aid=5, oid=40) start
INFO:requests.packages.urllib3.connectionpool:Starting new HTTP connection (1): webshop.abfbearings.com
INFO:root:scheduler: schedule_object(oid=165)
INFO:root:scheduler: new task [2, 6, 165]
INFO:root:engine: handle_object(aid=5, oid=40) finish
INFO:root:modules.abf_fetch: handle_object(aid=5, oid=41) start
INFO:requests.packages.urllib3.connectionpool:Starting new HTTP connection (1): webshop.abfbearings.com
INFO:root:scheduler: schedule_object(oid=171)
INFO:root:scheduler: new task [2, 6, 171]
INFO:root:engine: handle_object(aid=5, oid=41) finish
INFO:root:modules.abf_fetch: handle_object(aid=5, oid=42) start
INFO:requests.packages.urllib3.connectionpool:Starting new HTTP connection (1): webshop.abfbearings.com
INFO:root:scheduler: schedule_object(oid=177)
INFO:root:scheduler: new task [2, 6, 177]
INFO:root:engine: handle_object(aid=5, oid=42) finish
INFO:root:modules.abf_fetch: handle_object(aid=5, oid=43) start
INFO:requests.packages.urllib3.connectionpool:Starting new HTTP connection (1): webshop.abfbearings.com
INFO:root:scheduler: schedule_object(oid=183)
INFO:root:scheduler: new task [2, 6, 183]
INFO:root:engine: handle_object(aid=5, oid=43) finish
INFO:root:scheduler: host utwks61861.ewi.utwente.nl finish tasks: [[2, 5, 40], [2, 5, 41], [2, 5, 42], [2, 5, 43]]
INFO:root:scheduler: host utwks61861.ewi.utwente.nl get tasks: [[2, 5, 44], [2, 5, 45], [2, 5, 46], [2, 5, 47]]
INFO:root:run_job: get todo: len=4
INFO:root:modules.abf_fetch: handle_object(aid=5, oid=44) start
INFO:requests.packages.urllib3.connectionpool:Starting new HTTP connection (1): webshop.abfbearings.com
INFO:root:scheduler: schedule_object(oid=189)
INFO:root:scheduler: new task [2, 6, 189]
INFO:root:engine: handle_object(aid=5, oid=44) finish
INFO:root:modules.abf_fetch: handle_object(aid=5, oid=45) start
INFO:requests.packages.urllib3.connectionpool:Starting new HTTP connection (1): webshop.abfbearings.com
INFO:root:scheduler: schedule_object(oid=192)
INFO:root:scheduler: new task [2, 6, 192]
INFO:root:engine: handle_object(aid=5, oid=45) finish
INFO:root:modules.abf_fetch: handle_object(aid=5, oid=46) start
INFO:requests.packages.urllib3.connectionpool:Starting new HTTP connection (1): webshop.abfbearings.com
INFO:root:scheduler: schedule_object(oid=201)
INFO:root:scheduler: new task [2, 6, 201]
INFO:root:engine: handle_object(aid=5, oid=46) finish
INFO:root:modules.abf_fetch: handle_object(aid=5, oid=47) start
INFO:requests.packages.urllib3.connectionpool:Starting new HTTP connection (1): webshop.abfbearings.com
INFO:root:scheduler: schedule_object(oid=204)
INFO:root:scheduler: new task [2, 6, 204]
INFO:root:engine: handle_object(aid=5, oid=47) finish
INFO:root:scheduler: host utwks61861.ewi.utwente.nl finish tasks: [[2, 5, 44], [2, 5, 45], [2, 5, 46], [2, 5, 47]]
INFO:root:scheduler: host utwks61861.ewi.utwente.nl get tasks: [[2, 5, 48], [2, 5, 49], [2, 5, 50], [2, 5, 51]]
INFO:root:run_job: get todo: len=4
INFO:root:modules.abf_fetch: handle_object(aid=5, oid=48) start
INFO:requests.packages.urllib3.connectionpool:Starting new HTTP connection (1): webshop.abfbearings.com
INFO:root:scheduler: schedule_object(oid=213)
INFO:root:scheduler: new task [2, 6, 213]
INFO:root:engine: handle_object(aid=5, oid=48) finish
INFO:root:modules.abf_fetch: handle_object(aid=5, oid=49) start
INFO:requests.packages.urllib3.connectionpool:Starting new HTTP connection (1): webshop.abfbearings.com
INFO:root:scheduler: schedule_object(oid=216)
INFO:root:scheduler: new task [2, 6, 216]
INFO:root:engine: handle_object(aid=5, oid=49) finish
INFO:root:modules.abf_fetch: handle_object(aid=5, oid=50) start
INFO:requests.packages.urllib3.connectionpool:Starting new HTTP connection (1): webshop.abfbearings.com
INFO:root:scheduler: schedule_object(oid=225)
INFO:root:scheduler: new task [2, 6, 225]
INFO:root:engine: handle_object(aid=5, oid=50) finish
INFO:root:modules.abf_fetch: handle_object(aid=5, oid=51) start
INFO:requests.packages.urllib3.connectionpool:Starting new HTTP connection (1): webshop.abfbearings.com
INFO:root:scheduler: schedule_object(oid=229)
INFO:root:scheduler: new task [2, 6, 229]
INFO:root:engine: handle_object(aid=5, oid=51) finish
INFO:root:scheduler: host utwks61861.ewi.utwente.nl finish tasks: [[2, 5, 48], [2, 5, 49], [2, 5, 50], [2, 5, 51]]
INFO:root:scheduler: host utwks61861.ewi.utwente.nl get tasks: [[2, 5, 60], [2, 5, 61], [2, 5, 62], [2, 5, 63]]
INFO:root:run_job: get todo: len=4
INFO:root:modules.abf_fetch: handle_object(aid=5, oid=60) start
INFO:requests.packages.urllib3.connectionpool:Starting new HTTP connection (1): webshop.abfbearings.com
INFO:root:scheduler: schedule_object(oid=237)
INFO:root:scheduler: new task [2, 6, 237]
INFO:root:engine: handle_object(aid=5, oid=60) finish
INFO:root:modules.abf_fetch: handle_object(aid=5, oid=61) start
INFO:requests.packages.urllib3.connectionpool:Starting new HTTP connection (1): webshop.abfbearings.com
INFO:root:scheduler: schedule_object(oid=240)
INFO:root:scheduler: new task [2, 6, 240]
INFO:root:engine: handle_object(aid=5, oid=61) finish
INFO:root:modules.abf_fetch: handle_object(aid=5, oid=62) start
INFO:requests.packages.urllib3.connectionpool:Starting new HTTP connection (1): webshop.abfbearings.com
INFO:root:scheduler: schedule_object(oid=249)
INFO:root:scheduler: new task [2, 6, 249]
INFO:root:engine: handle_object(aid=5, oid=62) finish
INFO:root:modules.abf_fetch: handle_object(aid=5, oid=63) start
INFO:requests.packages.urllib3.connectionpool:Starting new HTTP connection (1): webshop.abfbearings.com
INFO:root:scheduler: schedule_object(oid=255)
INFO:root:scheduler: new task [2, 6, 255]
INFO:root:engine: handle_object(aid=5, oid=63) finish
INFO:root:scheduler: host utwks61861.ewi.utwente.nl finish tasks: [[2, 5, 60], [2, 5, 61], [2, 5, 62], [2, 5, 63]]
INFO:root:scheduler: host utwks61861.ewi.utwente.nl get tasks: [[2, 5, 64], [2, 5, 65], [2, 5, 66], [2, 5, 67]]
INFO:root:run_job: get todo: len=4
INFO:root:modules.abf_fetch: handle_object(aid=5, oid=64) start
INFO:requests.packages.urllib3.connectionpool:Starting new HTTP connection (1): webshop.abfbearings.com
INFO:root:scheduler: schedule_object(oid=261)
INFO:root:scheduler: new task [2, 6, 261]
INFO:root:engine: handle_object(aid=5, oid=64) finish
INFO:root:modules.abf_fetch: handle_object(aid=5, oid=65) start
INFO:requests.packages.urllib3.connectionpool:Starting new HTTP connection (1): webshop.abfbearings.com
INFO:root:scheduler: schedule_object(oid=264)
INFO:root:scheduler: new task [2, 6, 264]
INFO:root:engine: handle_object(aid=5, oid=65) finish
INFO:root:modules.abf_fetch: handle_object(aid=5, oid=66) start
INFO:requests.packages.urllib3.connectionpool:Starting new HTTP connection (1): webshop.abfbearings.com
INFO:root:scheduler: schedule_object(oid=270)
INFO:root:scheduler: new task [2, 6, 270]
INFO:root:engine: handle_object(aid=5, oid=66) finish
INFO:root:modules.abf_fetch: handle_object(aid=5, oid=67) start
INFO:requests.packages.urllib3.connectionpool:Starting new HTTP connection (1): webshop.abfbearings.com
INFO:root:scheduler: schedule_object(oid=276)
INFO:root:scheduler: new task [2, 6, 276]
INFO:root:engine: handle_object(aid=5, oid=67) finish
INFO:root:scheduler: host utwks61861.ewi.utwente.nl finish tasks: [[2, 5, 64], [2, 5, 65], [2, 5, 66], [2, 5, 67]]
INFO:root:scheduler: host utwks61861.ewi.utwente.nl get tasks: [[2, 5, 76], [2, 5, 77], [2, 5, 78], [2, 5, 79]]
INFO:root:run_job: get todo: len=4
INFO:root:modules.abf_fetch: handle_object(aid=5, oid=76) start
INFO:requests.packages.urllib3.connectionpool:Starting new HTTP connection (1): webshop.abfbearings.com
INFO:root:scheduler: schedule_object(oid=285)
INFO:root:scheduler: new task [2, 6, 285]
INFO:root:engine: handle_object(aid=5, oid=76) finish
INFO:root:modules.abf_fetch: handle_object(aid=5, oid=77) start
INFO:requests.packages.urllib3.connectionpool:Starting new HTTP connection (1): webshop.abfbearings.com
INFO:root:scheduler: schedule_object(oid=288)
INFO:root:scheduler: new task [2, 6, 288]
INFO:root:engine: handle_object(aid=5, oid=77) finish
INFO:root:modules.abf_fetch: handle_object(aid=5, oid=78) start
INFO:requests.packages.urllib3.connectionpool:Starting new HTTP connection (1): webshop.abfbearings.com
INFO:root:scheduler: schedule_object(oid=297)
INFO:root:scheduler: new task [2, 6, 297]
INFO:root:engine: handle_object(aid=5, oid=78) finish
INFO:root:modules.abf_fetch: handle_object(aid=5, oid=79) start
INFO:requests.packages.urllib3.connectionpool:Starting new HTTP connection (1): webshop.abfbearings.com
INFO:root:scheduler: schedule_object(oid=300)
INFO:root:scheduler: new task [2, 6, 300]
INFO:root:engine: handle_object(aid=5, oid=79) finish
INFO:root:scheduler: host utwks61861.ewi.utwente.nl finish tasks: [[2, 5, 76], [2, 5, 77], [2, 5, 78], [2, 5, 79]]
INFO:root:scheduler: host utwks61861.ewi.utwente.nl get tasks: [[2, 5, 80], [2, 5, 81], [2, 5, 82], [2, 5, 83]]
INFO:root:run_job: get todo: len=4
INFO:root:modules.abf_fetch: handle_object(aid=5, oid=80) start
INFO:requests.packages.urllib3.connectionpool:Starting new HTTP connection (1): webshop.abfbearings.com
INFO:root:scheduler: schedule_object(oid=309)
INFO:root:scheduler: new task [2, 6, 309]
INFO:root:engine: handle_object(aid=5, oid=80) finish
INFO:root:modules.abf_fetch: handle_object(aid=5, oid=81) start
INFO:requests.packages.urllib3.connectionpool:Starting new HTTP connection (1): webshop.abfbearings.com
INFO:root:scheduler: schedule_object(oid=312)
INFO:root:scheduler: new task [2, 6, 312]
INFO:root:engine: handle_object(aid=5, oid=81) finish
INFO:root:modules.abf_fetch: handle_object(aid=5, oid=82) start
INFO:requests.packages.urllib3.connectionpool:Starting new HTTP connection (1): webshop.abfbearings.com
INFO:root:scheduler: schedule_object(oid=321)
INFO:root:scheduler: new task [2, 6, 321]
INFO:root:engine: handle_object(aid=5, oid=82) finish
INFO:root:modules.abf_fetch: handle_object(aid=5, oid=83) start
INFO:requests.packages.urllib3.connectionpool:Starting new HTTP connection (1): webshop.abfbearings.com
INFO:root:scheduler: schedule_object(oid=324)
INFO:root:scheduler: new task [2, 6, 324]
INFO:root:engine: handle_object(aid=5, oid=83) finish
INFO:root:scheduler: host utwks61861.ewi.utwente.nl finish tasks: [[2, 5, 80], [2, 5, 81], [2, 5, 82], [2, 5, 83]]
INFO:root:scheduler: host utwks61861.ewi.utwente.nl get tasks: [[2, 5, 92], [2, 5, 93], [2, 5, 94], [2, 5, 95]]
INFO:root:run_job: get todo: len=4
INFO:root:modules.abf_fetch: handle_object(aid=5, oid=92) start
INFO:requests.packages.urllib3.connectionpool:Starting new HTTP connection (1): webshop.abfbearings.com
INFO:root:scheduler: schedule_object(oid=333)
INFO:root:scheduler: new task [2, 6, 333]
INFO:root:engine: handle_object(aid=5, oid=92) finish
INFO:root:modules.abf_fetch: handle_object(aid=5, oid=93) start
INFO:requests.packages.urllib3.connectionpool:Starting new HTTP connection (1): webshop.abfbearings.com
INFO:root:scheduler: schedule_object(oid=336)
INFO:root:scheduler: new task [2, 6, 336]
INFO:root:engine: handle_object(aid=5, oid=93) finish
INFO:root:modules.abf_fetch: handle_object(aid=5, oid=94) start
INFO:requests.packages.urllib3.connectionpool:Starting new HTTP connection (1): webshop.abfbearings.com
INFO:root:scheduler: schedule_object(oid=342)
INFO:root:scheduler: new task [2, 6, 342]
INFO:root:engine: handle_object(aid=5, oid=94) finish
INFO:root:modules.abf_fetch: handle_object(aid=5, oid=95) start
INFO:requests.packages.urllib3.connectionpool:Starting new HTTP connection (1): webshop.abfbearings.com
INFO:root:scheduler: schedule_object(oid=348)
INFO:root:scheduler: new task [2, 6, 348]
INFO:root:engine: handle_object(aid=5, oid=95) finish
INFO:root:scheduler: host utwks61861.ewi.utwente.nl finish tasks: [[2, 5, 92], [2, 5, 93], [2, 5, 94], [2, 5, 95]]
INFO:root:scheduler: host utwks61861.ewi.utwente.nl get tasks: [[2, 5, 96], [2, 5, 97], [2, 5, 98], [2, 5, 99]]
INFO:root:run_job: get todo: len=4
INFO:root:modules.abf_fetch: handle_object(aid=5, oid=96) start
INFO:requests.packages.urllib3.connectionpool:Starting new HTTP connection (1): webshop.abfbearings.com
INFO:root:scheduler: schedule_object(oid=357)
INFO:root:scheduler: new task [2, 6, 357]
INFO:root:engine: handle_object(aid=5, oid=96) finish
INFO:root:modules.abf_fetch: handle_object(aid=5, oid=97) start
INFO:requests.packages.urllib3.connectionpool:Starting new HTTP connection (1): webshop.abfbearings.com
INFO:root:scheduler: schedule_object(oid=360)
INFO:root:scheduler: new task [2, 6, 360]
INFO:root:engine: handle_object(aid=5, oid=97) finish
INFO:root:modules.abf_fetch: handle_object(aid=5, oid=98) start
INFO:requests.packages.urllib3.connectionpool:Starting new HTTP connection (1): webshop.abfbearings.com
INFO:root:scheduler: schedule_object(oid=368)
INFO:root:scheduler: new task [2, 6, 368]
INFO:root:engine: handle_object(aid=5, oid=98) finish
INFO:root:modules.abf_fetch: handle_object(aid=5, oid=99) start
INFO:requests.packages.urllib3.connectionpool:Starting new HTTP connection (1): webshop.abfbearings.com
INFO:root:scheduler: schedule_object(oid=372)
INFO:root:scheduler: new task [2, 6, 372]
INFO:root:engine: handle_object(aid=5, oid=99) finish
INFO:root:scheduler: host utwks61861.ewi.utwente.nl finish tasks: [[2, 5, 96], [2, 5, 97], [2, 5, 98], [2, 5, 99]]
INFO:root:scheduler: host utwks61861.ewi.utwente.nl get tasks: [[2, 5, 108], [2, 5, 109], [2, 5, 110], [2, 5, 111]]
INFO:root:run_job: get todo: len=4
INFO:root:modules.abf_fetch: handle_object(aid=5, oid=108) start
INFO:requests.packages.urllib3.connectionpool:Starting new HTTP connection (1): webshop.abfbearings.com
INFO:root:scheduler: schedule_object(oid=381)
INFO:root:scheduler: new task [2, 6, 381]
INFO:root:engine: handle_object(aid=5, oid=108) finish
INFO:root:modules.abf_fetch: handle_object(aid=5, oid=109) start
INFO:requests.packages.urllib3.connectionpool:Starting new HTTP connection (1): webshop.abfbearings.com
INFO:root:scheduler: schedule_object(oid=384)
INFO:root:scheduler: new task [2, 6, 384]
INFO:root:engine: handle_object(aid=5, oid=109) finish
INFO:root:modules.abf_fetch: handle_object(aid=5, oid=110) start
INFO:requests.packages.urllib3.connectionpool:Starting new HTTP connection (1): webshop.abfbearings.com
INFO:root:scheduler: schedule_object(oid=393)
INFO:root:scheduler: new task [2, 6, 393]
INFO:root:engine: handle_object(aid=5, oid=110) finish
INFO:root:modules.abf_fetch: handle_object(aid=5, oid=111) start
INFO:requests.packages.urllib3.connectionpool:Starting new HTTP connection (1): webshop.abfbearings.com
INFO:root:scheduler: schedule_object(oid=396)
INFO:root:scheduler: new task [2, 6, 396]
INFO:root:engine: handle_object(aid=5, oid=111) finish
INFO:root:scheduler: host utwks61861.ewi.utwente.nl finish tasks: [[2, 5, 108], [2, 5, 109], [2, 5, 110], [2, 5, 111]]
INFO:root:scheduler: host utwks61861.ewi.utwente.nl get tasks: [[2, 5, 112], [2, 5, 113], [2, 6, 117], [2, 6, 120]]
INFO:root:run_job: get todo: len=4
INFO:root:modules.abf_fetch: handle_object(aid=5, oid=112) start
INFO:requests.packages.urllib3.connectionpool:Starting new HTTP connection (1): webshop.abfbearings.com
INFO:root:scheduler: schedule_object(oid=410)
INFO:root:scheduler: new task [2, 6, 410]
INFO:root:engine: handle_object(aid=5, oid=112) finish
INFO:root:modules.abf_fetch: handle_object(aid=5, oid=113) start
INFO:requests.packages.urllib3.connectionpool:Starting new HTTP connection (1): webshop.abfbearings.com
INFO:root:scheduler: schedule_object(oid=441)
INFO:root:scheduler: new task [2, 6, 441]
INFO:root:engine: handle_object(aid=5, oid=113) finish
INFO:root:Activity:modules.abf_extract_fields setup() ignored
INFO:root:Activity:modules.abf_extract_fields start
INFO:root:modules.abf_extract_fields: handle_object(aid=6, oid=117) start
INFO:root:scheduler: schedule_object(oid=447)
INFO:root:scheduler: new task [2, 7, 447]
INFO:root:engine: handle_object(aid=6, oid=117) finish
INFO:root:modules.abf_extract_fields: handle_object(aid=6, oid=120) start
INFO:root:scheduler: schedule_object(oid=453)
INFO:root:scheduler: new task [2, 7, 453]
INFO:root:engine: handle_object(aid=6, oid=120) finish
INFO:root:scheduler: host utwks61861.ewi.utwente.nl finish tasks: [[2, 5, 112], [2, 5, 113], [2, 6, 117], [2, 6, 120]]
INFO:root:scheduler: host utwks61861.ewi.utwente.nl get tasks: [[2, 6, 147], [2, 6, 150], [2, 6, 153], [2, 6, 155]]
INFO:root:run_job: get todo: len=4
INFO:root:modules.abf_extract_fields: handle_object(aid=6, oid=147) start
INFO:root:scheduler: schedule_object(oid=459)
INFO:root:scheduler: new task [2, 7, 459]
INFO:root:engine: handle_object(aid=6, oid=147) finish
INFO:root:modules.abf_extract_fields: handle_object(aid=6, oid=150) start
INFO:root:scheduler: schedule_object(oid=464)
INFO:root:scheduler: new task [2, 7, 464]
INFO:root:engine: handle_object(aid=6, oid=150) finish
INFO:root:modules.abf_extract_fields: handle_object(aid=6, oid=153) start
INFO:root:scheduler: schedule_object(oid=470)
INFO:root:scheduler: new task [2, 7, 470]
INFO:root:engine: handle_object(aid=6, oid=153) finish
INFO:root:modules.abf_extract_fields: handle_object(aid=6, oid=155) start
INFO:root:scheduler: schedule_object(oid=474)
INFO:root:scheduler: new task [2, 7, 474]
INFO:root:engine: handle_object(aid=6, oid=155) finish
INFO:root:scheduler: host utwks61861.ewi.utwente.nl finish tasks: [[2, 6, 147], [2, 6, 150], [2, 6, 153], [2, 6, 155]]
INFO:root:scheduler: host utwks61861.ewi.utwente.nl get tasks: [[2, 6, 159], [2, 6, 162], [2, 6, 165], [2, 6, 168]]
INFO:root:run_job: get todo: len=4
INFO:root:modules.abf_extract_fields: handle_object(aid=6, oid=159) start
INFO:root:scheduler: schedule_object(oid=480)
INFO:root:scheduler: new task [2, 7, 480]
INFO:root:engine: handle_object(aid=6, oid=159) finish
INFO:root:modules.abf_extract_fields: handle_object(aid=6, oid=162) start
INFO:root:scheduler: schedule_object(oid=485)
INFO:root:scheduler: new task [2, 7, 485]
INFO:root:engine: handle_object(aid=6, oid=162) finish
INFO:root:modules.abf_extract_fields: handle_object(aid=6, oid=165) start
INFO:root:scheduler: schedule_object(oid=491)
INFO:root:scheduler: new task [2, 7, 491]
INFO:root:engine: handle_object(aid=6, oid=165) finish
INFO:root:modules.abf_extract_fields: handle_object(aid=6, oid=168) start
INFO:root:scheduler: schedule_object(oid=495)
INFO:root:scheduler: new task [2, 7, 495]
INFO:root:engine: handle_object(aid=6, oid=168) finish
INFO:root:scheduler: host utwks61861.ewi.utwente.nl finish tasks: [[2, 6, 159], [2, 6, 162], [2, 6, 165], [2, 6, 168]]
INFO:root:scheduler: host utwks61861.ewi.utwente.nl get tasks: [[2, 6, 171], [2, 6, 174], [2, 6, 177], [2, 6, 180]]
INFO:root:run_job: get todo: len=4
INFO:root:modules.abf_extract_fields: handle_object(aid=6, oid=171) start
INFO:root:scheduler: schedule_object(oid=501)
INFO:root:scheduler: new task [2, 7, 501]
INFO:root:engine: handle_object(aid=6, oid=171) finish
INFO:root:modules.abf_extract_fields: handle_object(aid=6, oid=174) start
INFO:root:scheduler: schedule_object(oid=507)
INFO:root:scheduler: new task [2, 7, 507]
INFO:root:engine: handle_object(aid=6, oid=174) finish
INFO:root:modules.abf_extract_fields: handle_object(aid=6, oid=177) start
INFO:root:scheduler: schedule_object(oid=512)
INFO:root:scheduler: new task [2, 7, 512]
INFO:root:engine: handle_object(aid=6, oid=177) finish
INFO:root:modules.abf_extract_fields: handle_object(aid=6, oid=180) start
INFO:root:scheduler: schedule_object(oid=516)
INFO:root:scheduler: new task [2, 7, 516]
INFO:root:engine: handle_object(aid=6, oid=180) finish
INFO:root:scheduler: host utwks61861.ewi.utwente.nl finish tasks: [[2, 6, 171], [2, 6, 174], [2, 6, 177], [2, 6, 180]]
INFO:root:scheduler: host utwks61861.ewi.utwente.nl get tasks: [[2, 6, 183], [2, 6, 186], [2, 6, 189], [2, 6, 192]]
INFO:root:run_job: get todo: len=4
INFO:root:modules.abf_extract_fields: handle_object(aid=6, oid=183) start
INFO:root:scheduler: schedule_object(oid=522)
INFO:root:scheduler: new task [2, 7, 522]
INFO:root:engine: handle_object(aid=6, oid=183) finish
INFO:root:modules.abf_extract_fields: handle_object(aid=6, oid=186) start
INFO:root:scheduler: schedule_object(oid=528)
INFO:root:scheduler: new task [2, 7, 528]
INFO:root:engine: handle_object(aid=6, oid=186) finish
INFO:root:modules.abf_extract_fields: handle_object(aid=6, oid=189) start
INFO:root:scheduler: schedule_object(oid=533)
INFO:root:scheduler: new task [2, 7, 533]
INFO:root:engine: handle_object(aid=6, oid=189) finish
INFO:root:modules.abf_extract_fields: handle_object(aid=6, oid=192) start
INFO:root:scheduler: schedule_object(oid=539)
INFO:root:scheduler: new task [2, 7, 539]
INFO:root:engine: handle_object(aid=6, oid=192) finish
INFO:root:scheduler: host utwks61861.ewi.utwente.nl finish tasks: [[2, 6, 183], [2, 6, 186], [2, 6, 189], [2, 6, 192]]
INFO:root:scheduler: host utwks61861.ewi.utwente.nl get tasks: [[2, 6, 195], [2, 6, 198], [2, 6, 201], [2, 6, 204]]
INFO:root:run_job: get todo: len=4
INFO:root:modules.abf_extract_fields: handle_object(aid=6, oid=195) start
INFO:root:scheduler: schedule_object(oid=545)
INFO:root:scheduler: new task [2, 7, 545]
INFO:root:engine: handle_object(aid=6, oid=195) finish
INFO:root:modules.abf_extract_fields: handle_object(aid=6, oid=198) start
INFO:root:scheduler: schedule_object(oid=549)
INFO:root:scheduler: new task [2, 7, 549]
INFO:root:engine: handle_object(aid=6, oid=198) finish
INFO:root:modules.abf_extract_fields: handle_object(aid=6, oid=201) start
INFO:root:scheduler: schedule_object(oid=555)
INFO:root:scheduler: new task [2, 7, 555]
INFO:root:engine: handle_object(aid=6, oid=201) finish
INFO:root:modules.abf_extract_fields: handle_object(aid=6, oid=204) start
INFO:root:scheduler: schedule_object(oid=560)
INFO:root:scheduler: new task [2, 7, 560]
INFO:root:engine: handle_object(aid=6, oid=204) finish
INFO:root:scheduler: host utwks61861.ewi.utwente.nl finish tasks: [[2, 6, 195], [2, 6, 198], [2, 6, 201], [2, 6, 204]]
INFO:root:scheduler: host utwks61861.ewi.utwente.nl get tasks: [[2, 6, 207], [2, 6, 210], [2, 6, 213], [2, 6, 216]]
INFO:root:run_job: get todo: len=4
INFO:root:modules.abf_extract_fields: handle_object(aid=6, oid=207) start
INFO:root:scheduler: schedule_object(oid=566)
INFO:root:scheduler: new task [2, 7, 566]
INFO:root:engine: handle_object(aid=6, oid=207) finish
INFO:root:modules.abf_extract_fields: handle_object(aid=6, oid=210) start
INFO:root:scheduler: schedule_object(oid=570)
INFO:root:scheduler: new task [2, 7, 570]
INFO:root:engine: handle_object(aid=6, oid=210) finish
INFO:root:modules.abf_extract_fields: handle_object(aid=6, oid=213) start
INFO:root:scheduler: schedule_object(oid=576)
INFO:root:scheduler: new task [2, 7, 576]
INFO:root:engine: handle_object(aid=6, oid=213) finish
INFO:root:modules.abf_extract_fields: handle_object(aid=6, oid=216) start
INFO:root:scheduler: schedule_object(oid=581)
INFO:root:scheduler: new task [2, 7, 581]
INFO:root:engine: handle_object(aid=6, oid=216) finish
INFO:root:scheduler: host utwks61861.ewi.utwente.nl finish tasks: [[2, 6, 207], [2, 6, 210], [2, 6, 213], [2, 6, 216]]
INFO:root:scheduler: host utwks61861.ewi.utwente.nl get tasks: [[2, 6, 219], [2, 6, 222], [2, 6, 225], [2, 6, 229]]
INFO:root:run_job: get todo: len=4
INFO:root:modules.abf_extract_fields: handle_object(aid=6, oid=219) start
INFO:root:scheduler: schedule_object(oid=587)
INFO:root:scheduler: new task [2, 7, 587]
INFO:root:engine: handle_object(aid=6, oid=219) finish
INFO:root:modules.abf_extract_fields: handle_object(aid=6, oid=222) start
INFO:root:scheduler: schedule_object(oid=593)
INFO:root:scheduler: new task [2, 7, 593]
INFO:root:engine: handle_object(aid=6, oid=222) finish
INFO:root:modules.abf_extract_fields: handle_object(aid=6, oid=225) start
INFO:root:scheduler: schedule_object(oid=597)
INFO:root:scheduler: new task [2, 7, 597]
INFO:root:engine: handle_object(aid=6, oid=225) finish
INFO:root:modules.abf_extract_fields: handle_object(aid=6, oid=229) start
INFO:root:scheduler: schedule_object(oid=603)
INFO:root:scheduler: new task [2, 7, 603]
INFO:root:engine: handle_object(aid=6, oid=229) finish
INFO:root:scheduler: host utwks61861.ewi.utwente.nl finish tasks: [[2, 6, 219], [2, 6, 222], [2, 6, 225], [2, 6, 229]]
INFO:root:scheduler: host utwks61861.ewi.utwente.nl get tasks: [[2, 6, 230], [2, 6, 234], [2, 6, 237], [2, 6, 240]]
INFO:root:run_job: get todo: len=4
INFO:root:modules.abf_extract_fields: handle_object(aid=6, oid=230) start
INFO:root:scheduler: schedule_object(oid=609)
INFO:root:scheduler: new task [2, 7, 609]
INFO:root:engine: handle_object(aid=6, oid=230) finish
INFO:root:modules.abf_extract_fields: handle_object(aid=6, oid=234) start
INFO:root:scheduler: schedule_object(oid=614)
INFO:root:scheduler: new task [2, 7, 614]
INFO:root:engine: handle_object(aid=6, oid=234) finish
INFO:root:modules.abf_extract_fields: handle_object(aid=6, oid=237) start
INFO:root:scheduler: schedule_object(oid=618)
INFO:root:scheduler: new task [2, 7, 618]
INFO:root:engine: handle_object(aid=6, oid=237) finish
INFO:root:modules.abf_extract_fields: handle_object(aid=6, oid=240) start
INFO:root:scheduler: schedule_object(oid=624)
INFO:root:scheduler: new task [2, 7, 624]
INFO:root:engine: handle_object(aid=6, oid=240) finish
INFO:root:scheduler: host utwks61861.ewi.utwente.nl finish tasks: [[2, 6, 230], [2, 6, 234], [2, 6, 237], [2, 6, 240]]
INFO:root:scheduler: host utwks61861.ewi.utwente.nl get tasks: [[2, 6, 243], [2, 6, 246], [2, 6, 249], [2, 6, 252]]
INFO:root:run_job: get todo: len=4
INFO:root:modules.abf_extract_fields: handle_object(aid=6, oid=243) start
INFO:root:scheduler: schedule_object(oid=630)
INFO:root:scheduler: new task [2, 7, 630]
INFO:root:engine: handle_object(aid=6, oid=243) finish
INFO:root:modules.abf_extract_fields: handle_object(aid=6, oid=246) start
INFO:root:scheduler: schedule_object(oid=635)
INFO:root:scheduler: new task [2, 7, 635]
INFO:root:engine: handle_object(aid=6, oid=246) finish
INFO:root:modules.abf_extract_fields: handle_object(aid=6, oid=249) start
INFO:root:scheduler: schedule_object(oid=641)
INFO:root:scheduler: new task [2, 7, 641]
INFO:root:engine: handle_object(aid=6, oid=249) finish
INFO:root:modules.abf_extract_fields: handle_object(aid=6, oid=252) start
INFO:root:scheduler: schedule_object(oid=645)
INFO:root:scheduler: new task [2, 7, 645]
INFO:root:engine: handle_object(aid=6, oid=252) finish
INFO:root:scheduler: host utwks61861.ewi.utwente.nl finish tasks: [[2, 6, 243], [2, 6, 246], [2, 6, 249], [2, 6, 252]]
INFO:root:scheduler: host utwks61861.ewi.utwente.nl get tasks: [[2, 6, 255], [2, 6, 258], [2, 6, 261], [2, 6, 264]]
INFO:root:run_job: get todo: len=4
INFO:root:modules.abf_extract_fields: handle_object(aid=6, oid=255) start
INFO:root:scheduler: schedule_object(oid=651)
INFO:root:scheduler: new task [2, 7, 651]
INFO:root:engine: handle_object(aid=6, oid=255) finish
INFO:root:modules.abf_extract_fields: handle_object(aid=6, oid=258) start
INFO:root:scheduler: schedule_object(oid=657)
INFO:root:scheduler: new task [2, 7, 657]
INFO:root:engine: handle_object(aid=6, oid=258) finish
INFO:root:modules.abf_extract_fields: handle_object(aid=6, oid=261) start
INFO:root:scheduler: schedule_object(oid=662)
INFO:root:scheduler: new task [2, 7, 662]
INFO:root:engine: handle_object(aid=6, oid=261) finish
INFO:root:modules.abf_extract_fields: handle_object(aid=6, oid=264) start
INFO:root:scheduler: schedule_object(oid=668)
INFO:root:scheduler: new task [2, 7, 668]
INFO:root:engine: handle_object(aid=6, oid=264) finish
INFO:root:scheduler: host utwks61861.ewi.utwente.nl finish tasks: [[2, 6, 255], [2, 6, 258], [2, 6, 261], [2, 6, 264]]
INFO:root:scheduler: host utwks61861.ewi.utwente.nl get tasks: [[2, 6, 267], [2, 6, 270], [2, 6, 273], [2, 6, 276]]
INFO:root:run_job: get todo: len=4
INFO:root:modules.abf_extract_fields: handle_object(aid=6, oid=267) start
INFO:root:scheduler: schedule_object(oid=672)
INFO:root:scheduler: new task [2, 7, 672]
INFO:root:engine: handle_object(aid=6, oid=267) finish
INFO:root:modules.abf_extract_fields: handle_object(aid=6, oid=270) start
INFO:root:scheduler: schedule_object(oid=678)
INFO:root:scheduler: new task [2, 7, 678]
INFO:root:engine: handle_object(aid=6, oid=270) finish
INFO:root:modules.abf_extract_fields: handle_object(aid=6, oid=273) start
INFO:root:scheduler: schedule_object(oid=683)
INFO:root:scheduler: new task [2, 7, 683]
INFO:root:engine: handle_object(aid=6, oid=273) finish
INFO:root:modules.abf_extract_fields: handle_object(aid=6, oid=276) start
INFO:root:scheduler: schedule_object(oid=689)
INFO:root:scheduler: new task [2, 7, 689]
INFO:root:engine: handle_object(aid=6, oid=276) finish
INFO:root:scheduler: host utwks61861.ewi.utwente.nl finish tasks: [[2, 6, 267], [2, 6, 270], [2, 6, 273], [2, 6, 276]]
INFO:root:scheduler: host utwks61861.ewi.utwente.nl get tasks: [[2, 6, 279], [2, 6, 282], [2, 6, 285], [2, 6, 288]]
INFO:root:run_job: get todo: len=4
INFO:root:modules.abf_extract_fields: handle_object(aid=6, oid=279) start
INFO:root:scheduler: schedule_object(oid=695)
INFO:root:scheduler: new task [2, 7, 695]
INFO:root:engine: handle_object(aid=6, oid=279) finish
INFO:root:modules.abf_extract_fields: handle_object(aid=6, oid=282) start
INFO:root:scheduler: schedule_object(oid=699)
INFO:root:scheduler: new task [2, 7, 699]
INFO:root:engine: handle_object(aid=6, oid=282) finish
INFO:root:modules.abf_extract_fields: handle_object(aid=6, oid=285) start
INFO:root:scheduler: schedule_object(oid=705)
INFO:root:scheduler: new task [2, 7, 705]
INFO:root:engine: handle_object(aid=6, oid=285) finish
INFO:root:modules.abf_extract_fields: handle_object(aid=6, oid=288) start
INFO:root:scheduler: schedule_object(oid=710)
INFO:root:scheduler: new task [2, 7, 710]
INFO:root:engine: handle_object(aid=6, oid=288) finish
INFO:root:scheduler: host utwks61861.ewi.utwente.nl finish tasks: [[2, 6, 279], [2, 6, 282], [2, 6, 285], [2, 6, 288]]
INFO:root:scheduler: host utwks61861.ewi.utwente.nl get tasks: [[2, 6, 291], [2, 6, 294], [2, 6, 297], [2, 6, 300]]
INFO:root:run_job: get todo: len=4
INFO:root:modules.abf_extract_fields: handle_object(aid=6, oid=291) start
INFO:root:scheduler: schedule_object(oid=716)
INFO:root:scheduler: new task [2, 7, 716]
INFO:root:engine: handle_object(aid=6, oid=291) finish
INFO:root:modules.abf_extract_fields: handle_object(aid=6, oid=294) start
INFO:root:scheduler: schedule_object(oid=722)
INFO:root:scheduler: new task [2, 7, 722]
INFO:root:engine: handle_object(aid=6, oid=294) finish
INFO:root:modules.abf_extract_fields: handle_object(aid=6, oid=297) start
INFO:root:scheduler: schedule_object(oid=726)
INFO:root:scheduler: new task [2, 7, 726]
INFO:root:engine: handle_object(aid=6, oid=297) finish
INFO:root:modules.abf_extract_fields: handle_object(aid=6, oid=300) start
INFO:root:scheduler: schedule_object(oid=731)
INFO:root:scheduler: new task [2, 7, 731]
INFO:root:engine: handle_object(aid=6, oid=300) finish
INFO:root:scheduler: host utwks61861.ewi.utwente.nl finish tasks: [[2, 6, 291], [2, 6, 294], [2, 6, 297], [2, 6, 300]]
INFO:root:scheduler: host utwks61861.ewi.utwente.nl get tasks: [[2, 6, 303], [2, 6, 306], [2, 6, 309], [2, 6, 312]]
INFO:root:run_job: get todo: len=4
INFO:root:modules.abf_extract_fields: handle_object(aid=6, oid=303) start
INFO:root:scheduler: schedule_object(oid=737)
INFO:root:scheduler: new task [2, 7, 737]
INFO:root:engine: handle_object(aid=6, oid=303) finish
INFO:root:modules.abf_extract_fields: handle_object(aid=6, oid=306) start
INFO:root:scheduler: schedule_object(oid=743)
INFO:root:scheduler: new task [2, 7, 743]
INFO:root:engine: handle_object(aid=6, oid=306) finish
INFO:root:modules.abf_extract_fields: handle_object(aid=6, oid=309) start
INFO:root:scheduler: schedule_object(oid=747)
INFO:root:scheduler: new task [2, 7, 747]
INFO:root:engine: handle_object(aid=6, oid=309) finish
INFO:root:modules.abf_extract_fields: handle_object(aid=6, oid=312) start
INFO:root:scheduler: schedule_object(oid=753)
INFO:root:scheduler: new task [2, 7, 753]
INFO:root:engine: handle_object(aid=6, oid=312) finish
INFO:root:scheduler: host utwks61861.ewi.utwente.nl finish tasks: [[2, 6, 303], [2, 6, 306], [2, 6, 309], [2, 6, 312]]
INFO:root:scheduler: host utwks61861.ewi.utwente.nl get tasks: [[2, 6, 315], [2, 6, 318], [2, 6, 321], [2, 6, 324]]
INFO:root:run_job: get todo: len=4
INFO:root:modules.abf_extract_fields: handle_object(aid=6, oid=315) start
INFO:root:scheduler: schedule_object(oid=759)
INFO:root:scheduler: new task [2, 7, 759]
INFO:root:engine: handle_object(aid=6, oid=315) finish
INFO:root:modules.abf_extract_fields: handle_object(aid=6, oid=318) start
INFO:root:scheduler: schedule_object(oid=764)
INFO:root:scheduler: new task [2, 7, 764]
INFO:root:engine: handle_object(aid=6, oid=318) finish
INFO:root:modules.abf_extract_fields: handle_object(aid=6, oid=321) start
INFO:root:scheduler: schedule_object(oid=770)
INFO:root:scheduler: new task [2, 7, 770]
INFO:root:engine: handle_object(aid=6, oid=321) finish
INFO:root:modules.abf_extract_fields: handle_object(aid=6, oid=324) start
INFO:root:scheduler: schedule_object(oid=774)
INFO:root:scheduler: new task [2, 7, 774]
INFO:root:engine: handle_object(aid=6, oid=324) finish
INFO:root:scheduler: host utwks61861.ewi.utwente.nl finish tasks: [[2, 6, 315], [2, 6, 318], [2, 6, 321], [2, 6, 324]]
INFO:root:scheduler: host utwks61861.ewi.utwente.nl get tasks: [[2, 6, 327], [2, 6, 330], [2, 6, 333], [2, 6, 336]]
INFO:root:run_job: get todo: len=4
INFO:root:modules.abf_extract_fields: handle_object(aid=6, oid=327) start
INFO:root:scheduler: schedule_object(oid=780)
INFO:root:scheduler: new task [2, 7, 780]
INFO:root:engine: handle_object(aid=6, oid=327) finish
INFO:root:modules.abf_extract_fields: handle_object(aid=6, oid=330) start
INFO:root:scheduler: schedule_object(oid=785)
INFO:root:scheduler: new task [2, 7, 785]
INFO:root:engine: handle_object(aid=6, oid=330) finish
INFO:root:modules.abf_extract_fields: handle_object(aid=6, oid=333) start
INFO:root:scheduler: schedule_object(oid=791)
INFO:root:scheduler: new task [2, 7, 791]
INFO:root:engine: handle_object(aid=6, oid=333) finish
INFO:root:modules.abf_extract_fields: handle_object(aid=6, oid=336) start
INFO:root:scheduler: schedule_object(oid=796)
INFO:root:scheduler: new task [2, 7, 796]
INFO:root:engine: handle_object(aid=6, oid=336) finish
INFO:root:scheduler: host utwks61861.ewi.utwente.nl finish tasks: [[2, 6, 327], [2, 6, 330], [2, 6, 333], [2, 6, 336]]
INFO:root:scheduler: host utwks61861.ewi.utwente.nl get tasks: [[2, 6, 339], [2, 6, 342], [2, 6, 345], [2, 6, 348]]
INFO:root:run_job: get todo: len=4
INFO:root:modules.abf_extract_fields: handle_object(aid=6, oid=339) start
INFO:root:scheduler: schedule_object(oid=802)
INFO:root:scheduler: new task [2, 7, 802]
INFO:root:engine: handle_object(aid=6, oid=339) finish
INFO:root:modules.abf_extract_fields: handle_object(aid=6, oid=342) start
INFO:root:scheduler: schedule_object(oid=807)
INFO:root:scheduler: new task [2, 7, 807]
INFO:root:engine: handle_object(aid=6, oid=342) finish
INFO:root:modules.abf_extract_fields: handle_object(aid=6, oid=345) start
INFO:root:scheduler: schedule_object(oid=812)
INFO:root:scheduler: new task [2, 7, 812]
INFO:root:engine: handle_object(aid=6, oid=345) finish
INFO:root:modules.abf_extract_fields: handle_object(aid=6, oid=348) start
INFO:root:scheduler: schedule_object(oid=818)
INFO:root:scheduler: new task [2, 7, 818]
INFO:root:engine: handle_object(aid=6, oid=348) finish
INFO:root:scheduler: host utwks61861.ewi.utwente.nl finish tasks: [[2, 6, 339], [2, 6, 342], [2, 6, 345], [2, 6, 348]]
INFO:root:scheduler: host utwks61861.ewi.utwente.nl get tasks: [[2, 6, 351], [2, 6, 354], [2, 6, 357], [2, 6, 360]]
INFO:root:run_job: get todo: len=4
INFO:root:modules.abf_extract_fields: handle_object(aid=6, oid=351) start
INFO:root:scheduler: schedule_object(oid=824)
INFO:root:scheduler: new task [2, 7, 824]
INFO:root:engine: handle_object(aid=6, oid=351) finish
INFO:root:modules.abf_extract_fields: handle_object(aid=6, oid=354) start
INFO:root:scheduler: schedule_object(oid=829)
INFO:root:scheduler: new task [2, 7, 829]
INFO:root:engine: handle_object(aid=6, oid=354) finish
INFO:root:modules.abf_extract_fields: handle_object(aid=6, oid=357) start
INFO:root:scheduler: schedule_object(oid=834)
INFO:root:scheduler: new task [2, 7, 834]
INFO:root:engine: handle_object(aid=6, oid=357) finish
INFO:root:modules.abf_extract_fields: handle_object(aid=6, oid=360) start
INFO:root:scheduler: schedule_object(oid=839)
INFO:root:scheduler: new task [2, 7, 839]
INFO:root:engine: handle_object(aid=6, oid=360) finish
INFO:root:scheduler: host utwks61861.ewi.utwente.nl finish tasks: [[2, 6, 351], [2, 6, 354], [2, 6, 357], [2, 6, 360]]
INFO:root:scheduler: host utwks61861.ewi.utwente.nl get tasks: [[2, 6, 363], [2, 6, 367], [2, 6, 368], [2, 6, 372]]
INFO:root:run_job: get todo: len=4
INFO:root:modules.abf_extract_fields: handle_object(aid=6, oid=363) start
INFO:root:scheduler: schedule_object(oid=845)
INFO:root:scheduler: new task [2, 7, 845]
INFO:root:engine: handle_object(aid=6, oid=363) finish
INFO:root:modules.abf_extract_fields: handle_object(aid=6, oid=367) start
INFO:root:scheduler: schedule_object(oid=849)
INFO:root:scheduler: new task [2, 7, 849]
INFO:root:engine: handle_object(aid=6, oid=367) finish
INFO:root:modules.abf_extract_fields: handle_object(aid=6, oid=368) start
INFO:root:scheduler: schedule_object(oid=855)
INFO:root:scheduler: new task [2, 7, 855]
INFO:root:engine: handle_object(aid=6, oid=368) finish
INFO:root:modules.abf_extract_fields: handle_object(aid=6, oid=372) start
INFO:root:scheduler: schedule_object(oid=860)
INFO:root:scheduler: new task [2, 7, 860]
INFO:root:engine: handle_object(aid=6, oid=372) finish
INFO:root:scheduler: host utwks61861.ewi.utwente.nl finish tasks: [[2, 6, 363], [2, 6, 367], [2, 6, 368], [2, 6, 372]]
INFO:root:scheduler: host utwks61861.ewi.utwente.nl get tasks: [[2, 6, 375], [2, 6, 378], [2, 6, 381], [2, 6, 384]]
INFO:root:run_job: get todo: len=4
INFO:root:modules.abf_extract_fields: handle_object(aid=6, oid=375) start
INFO:root:scheduler: schedule_object(oid=866)
INFO:root:scheduler: new task [2, 7, 866]
INFO:root:engine: handle_object(aid=6, oid=375) finish
INFO:root:modules.abf_extract_fields: handle_object(aid=6, oid=378) start
INFO:root:scheduler: schedule_object(oid=872)
INFO:root:scheduler: new task [2, 7, 872]
INFO:root:engine: handle_object(aid=6, oid=378) finish
INFO:root:modules.abf_extract_fields: handle_object(aid=6, oid=381) start
INFO:root:scheduler: schedule_object(oid=876)
INFO:root:scheduler: new task [2, 7, 876]
INFO:root:engine: handle_object(aid=6, oid=381) finish
INFO:root:modules.abf_extract_fields: handle_object(aid=6, oid=384) start
INFO:root:scheduler: schedule_object(oid=882)
INFO:root:scheduler: new task [2, 7, 882]
INFO:root:engine: handle_object(aid=6, oid=384) finish
INFO:root:scheduler: host utwks61861.ewi.utwente.nl finish tasks: [[2, 6, 375], [2, 6, 378], [2, 6, 381], [2, 6, 384]]
INFO:root:scheduler: host utwks61861.ewi.utwente.nl get tasks: [[2, 6, 387], [2, 6, 390], [2, 6, 393], [2, 6, 396]]
INFO:root:run_job: get todo: len=4
INFO:root:modules.abf_extract_fields: handle_object(aid=6, oid=387) start
INFO:root:scheduler: schedule_object(oid=888)
INFO:root:scheduler: new task [2, 7, 888]
INFO:root:engine: handle_object(aid=6, oid=387) finish
INFO:root:modules.abf_extract_fields: handle_object(aid=6, oid=390) start
INFO:root:scheduler: schedule_object(oid=892)
INFO:root:scheduler: new task [2, 7, 892]
INFO:root:engine: handle_object(aid=6, oid=390) finish
INFO:root:modules.abf_extract_fields: handle_object(aid=6, oid=393) start
INFO:root:scheduler: schedule_object(oid=897)
INFO:root:scheduler: new task [2, 7, 897]
INFO:root:engine: handle_object(aid=6, oid=393) finish
INFO:root:modules.abf_extract_fields: handle_object(aid=6, oid=396) start
INFO:root:scheduler: schedule_object(oid=902)
INFO:root:scheduler: new task [2, 7, 902]
INFO:root:engine: handle_object(aid=6, oid=396) finish
INFO:root:scheduler: host utwks61861.ewi.utwente.nl finish tasks: [[2, 6, 387], [2, 6, 390], [2, 6, 393], [2, 6, 396]]
INFO:root:scheduler: host utwks61861.ewi.utwente.nl get tasks: [[2, 6, 399], [2, 6, 402], [2, 6, 410], [2, 6, 441]]
INFO:root:run_job: get todo: len=4
INFO:root:modules.abf_extract_fields: handle_object(aid=6, oid=399) start
INFO:root:scheduler: schedule_object(oid=908)
INFO:root:scheduler: new task [2, 7, 908]
INFO:root:engine: handle_object(aid=6, oid=399) finish
INFO:root:modules.abf_extract_fields: handle_object(aid=6, oid=402) start
INFO:root:scheduler: schedule_object(oid=914)
INFO:root:scheduler: new task [2, 7, 914]
INFO:root:engine: handle_object(aid=6, oid=402) finish
INFO:root:modules.abf_extract_fields: handle_object(aid=6, oid=410) start
INFO:root:scheduler: schedule_object(oid=918)
INFO:root:scheduler: new task [2, 7, 918]
INFO:root:engine: handle_object(aid=6, oid=410) finish
INFO:root:modules.abf_extract_fields: handle_object(aid=6, oid=441) start
INFO:root:scheduler: schedule_object(oid=924)
INFO:root:scheduler: new task [2, 7, 924]
INFO:root:engine: handle_object(aid=6, oid=441) finish
INFO:root:scheduler: host utwks61861.ewi.utwente.nl finish tasks: [[2, 6, 399], [2, 6, 402], [2, 6, 410], [2, 6, 441]]
INFO:root:scheduler: host utwks61861.ewi.utwente.nl get tasks: []
INFO:root:run_job: no more todo
INFO:root:Close Postgres DB: <connection object at 0x10119c860; dsn: 'dbname='scjan' user='scjan' host='farm15.ewi.utwente.nl' password=xxxxxxx', closed: 1>
